<?xml version="1.0" encoding="utf-8"?>
<test-run id="2" testcasecount="14" result="Failed(Child)" total="14" passed="12" failed="2" inconclusive="0" skipped="0" asserts="0" engine-version="3.5.0.0" clr-version="4.0.30319.42000" start-time="2021-04-18 09:09:15Z" end-time="2021-04-18 09:10:08Z" duration="53.4502548">
  <test-suite type="TestSuite" id="1000" name="CatanSternfahrer" fullname="CatanSternfahrer" runstate="Runnable" testcasecount="14" result="Failed" site="Child" start-time="2021-04-18 09:09:15Z" end-time="2021-04-18 09:10:08Z" duration="53.450255" total="14" passed="12" failed="2" inconclusive="0" skipped="0" asserts="0">
    <properties />
    <failure>
      <message><![CDATA[One or more child tests had errors]]></message>
    </failure>
    <test-suite type="Assembly" id="1019" name="PlayMode.dll" fullname="/Users/timhehmann/UnityCatanStarfarers/Library/ScriptAssemblies/PlayMode.dll" runstate="Runnable" testcasecount="14" result="Failed" site="Child" start-time="2021-04-18 09:09:15Z" end-time="2021-04-18 09:10:08Z" duration="52.981646" total="14" passed="12" failed="2" inconclusive="0" skipped="0" asserts="0">
      <properties>
        <property name="_PID" value="6017" />
        <property name="_APPDOMAIN" value="Unity Child Domain" />
        <property name="platform" value="PlayMode" />
      </properties>
      <failure>
        <message><![CDATA[One or more child tests had errors]]></message>
      </failure>
      <test-suite type="TestSuite" id="1020" name="Tests" fullname="Tests" runstate="Runnable" testcasecount="14" result="Failed" site="Child" start-time="2021-04-18 09:09:15Z" end-time="2021-04-18 09:10:07Z" duration="52.451545" total="14" passed="12" failed="2" inconclusive="0" skipped="0" asserts="0">
        <properties />
        <failure>
          <message><![CDATA[One or more child tests had errors]]></message>
        </failure>
        <test-suite type="TestFixture" id="1001" name="EncounterCardActions" fullname="Tests.EncounterCardActions" classname="Tests.EncounterCardActions" runstate="Runnable" testcasecount="1" result="Passed" start-time="2021-04-18 09:09:15Z" end-time="2021-04-18 09:09:17Z" duration="1.853895" total="1" passed="1" failed="0" inconclusive="0" skipped="0" asserts="0">
          <properties />
          <test-case id="1002" name="ReceivingGiveResourcesFromRemoteClientOpensResourcePicker" fullname="Tests.EncounterCardActions.ReceivingGiveResourcesFromRemoteClientOpensResourcePicker" methodname="ReceivingGiveResourcesFromRemoteClientOpensResourcePicker" classname="Tests.EncounterCardActions" runstate="Runnable" seed="665254920" result="Passed" start-time="2021-04-18 09:09:15Z" end-time="2021-04-18 09:09:17Z" duration="1.783347" asserts="0">
            <properties>
              <property name="_JOINTYPE" value="UnityCombinatorial" />
            </properties>
            <output><![CDATA[The referenced script (Unknown) on this Behaviour is missing!
The referenced script on this Behaviour (Game Object 'TokenWrapper') is missing!
The referenced script (Unknown) on this Behaviour is missing!
The referenced script on this Behaviour (Game Object 'TradeBasePrefab') is missing!
Parent of RectTransform is being set with parent property. Consider using the SetParent method instead, with the worldPositionStays argument set to false. This will retain local orientation and scale rather than world orientation and scale, which can prevent common UI scaling issues.
Parent of RectTransform is being set with parent property. Consider using the SetParent method instead, with the worldPositionStays argument set to false. This will retain local orientation and scale rather than world orientation and scale, which can prevent common UI scaling issues.
Parent of RectTransform is being set with parent property. Consider using the SetParent method instead, with the worldPositionStays argument set to false. This will retain local orientation and scale rather than world orientation and scale, which can prevent common UI scaling issues.
Parent of RectTransform is being set with parent property. Consider using the SetParent method instead, with the worldPositionStays argument set to false. This will retain local orientation and scale rather than world orientation and scale, which can prevent common UI scaling issues.
Parent of RectTransform is being set with parent property. Consider using the SetParent method instead, with the worldPositionStays argument set to false. This will retain local orientation and scale rather than world orientation and scale, which can prevent common UI scaling issues.
Parent of RectTransform is being set with parent property. Consider using the SetParent method instead, with the worldPositionStays argument set to false. This will retain local orientation and scale rather than world orientation and scale, which can prevent common UI scaling issues.
Parent of RectTransform is being set with parent property. Consider using the SetParent method instead, with the worldPositionStays argument set to false. This will retain local orientation and scale rather than world orientation and scale, which can prevent common UI scaling issues.
Parent of RectTransform is being set with parent property. Consider using the SetParent method instead, with the worldPositionStays argument set to false. This will retain local orientation and scale rather than world orientation and scale, which can prevent common UI scaling issues.
Parent of RectTransform is being set with parent property. Consider using the SetParent method instead, with the worldPositionStays argument set to false. This will retain local orientation and scale rather than world orientation and scale, which can prevent common UI scaling issues.
Parent of RectTransform is being set with parent property. Consider using the SetParent method instead, with the worldPositionStays argument set to false. This will retain local orientation and scale rather than world orientation and scale, which can prevent common UI scaling issues.
Parent of RectTransform is being set with parent property. Consider using the SetParent method instead, with the worldPositionStays argument set to false. This will retain local orientation and scale rather than world orientation and scale, which can prevent common UI scaling issues.
Parent of RectTransform is being set with parent property. Consider using the SetParent method instead, with the worldPositionStays argument set to false. This will retain local orientation and scale rather than world orientation and scale, which can prevent common UI scaling issues.
Parent of RectTransform is being set with parent property. Consider using the SetParent method instead, with the worldPositionStays argument set to false. This will retain local orientation and scale rather than world orientation and scale, which can prevent common UI scaling issues.
Parent of RectTransform is being set with parent property. Consider using the SetParent method instead, with the worldPositionStays argument set to false. This will retain local orientation and scale rather than world orientation and scale, which can prevent common UI scaling issues.
Parent of RectTransform is being set with parent property. Consider using the SetParent method instead, with the worldPositionStays argument set to false. This will retain local orientation and scale rather than world orientation and scale, which can prevent common UI scaling issues.
Parent of RectTransform is being set with parent property. Consider using the SetParent method instead, with the worldPositionStays argument set to false. This will retain local orientation and scale rather than world orientation and scale, which can prevent common UI scaling issues.
Playername: DefaultPlayerName
Drawing HUD!
player.name: DefaultPlayerName
player.hand.Count(): 0
main player index: 0
num players: 2
num indizes: 1
Parent of RectTransform is being set with parent property. Consider using the SetParent method instead, with the worldPositionStays argument set to false. This will retain local orientation and scale rather than world orientation and scale, which can prevent common UI scaling issues.
Map
0
TileGroupRenderer
0
HexPrefab(Clone)
-15
hex
-15
diceChip
-15.31
number
-15
HexPrefab(Clone)
-12
hex
-12
diceChip
-12.31
number
-12
HexPrefab(Clone)
-13.5
hex
-13.5
diceChip
-13.81
number
-13.5
HexPrefab(Clone)
-15
hex
-15
diceChip
-15.31
number
-15
HexPrefab(Clone)
-9
hex
-9
diceChip
-9.31
number
-9
HexPrefab(Clone)
-10.5
hex
-10.5
diceChip
-10.81
number
-10.5
HexPrefab(Clone)
-12
hex
-12
diceChip
-12.31
number
-12
HexPrefab(Clone)
-13.5
hex
-13.5
diceChip
-13.81
number
-13.5
HexPrefab(Clone)
-15
hex
-15
diceChip
-15.31
number
-15
HexPrefab(Clone)
-6
hex
-6
diceChip
-6.31
number
-6
HexPrefab(Clone)
-7.5
hex
-7.5
diceChip
-7.81
number
-7.5
HexPrefab(Clone)
-9
hex
-9
diceChip
-9.31
number
-9
HexPrefab(Clone)
-10.5
hex
-10.5
diceChip
-10.81
number
-10.5
HexPrefab(Clone)
-12
hex
-12
diceChip
-12.31
number
-12
HexPrefab(Clone)
-13.5
hex
-13.5
diceChip
-13.81
number
-13.5
HexPrefab(Clone)
-15
hex
-15
diceChip
-15.31
number
-15
HexPrefab(Clone)
-3
hex
-3
diceChip
-3.31
number
-3
HexPrefab(Clone)
-4.5
hex
-4.5
diceChip
-4.81
number
-4.5
HexPrefab(Clone)
-6
hex
-6
diceChip
-6.31
number
-6
HexPrefab(Clone)
-7.5
hex
-7.5
diceChip
-7.81
number
-7.5
HexPrefab(Clone)
-9
hex
-9
diceChip
-9.31
number
-9
HexPrefab(Clone)
-10.5
hex
-10.5
diceChip
-10.81
number
-10.5
HexPrefab(Clone)
-12
hex
-12
diceChip
-12.31
number
-12
HexPrefab(Clone)
-13.5
hex
-13.5
diceChip
-13.81
number
-13.5
HexPrefab(Clone)
-15
hex
-15
diceChip
-15.31
number
-15
HexPrefab(Clone)
-3
hex
-3
diceChip
-3.31
number
-3
HexPrefab(Clone)
-4.5
hex
-4.5
diceChip
-4.81
number
-4.5
HexPrefab(Clone)
-6
hex
-6
diceChip
-6.31
number
-6
HexPrefab(Clone)
-7.5
hex
-7.5
diceChip
-7.81
number
-7.5
HexPrefab(Clone)
-9
hex
-9
diceChip
-9.31
number
-9
HexPrefab(Clone)
-10.5
hex
-10.5
diceChip
-10.81
number
-10.5
HexPrefab(Clone)
-12
hex
-12
diceChip
-12.31
number
-12
HexPrefab(Clone)
-13.5
hex
-13.5
diceChip
-13.81
number
-13.5
HexPrefab(Clone)
-15
hex
-15
diceChip
-15.31
number
-15
HexPrefab(Clone)
-3
hex
-3
diceChip
-3.31
number
-3
HexPrefab(Clone)
-4.5
hex
-4.5
diceChip
-4.81
number
-4.5
HexPrefab(Clone)
-6
hex
-6
diceChip
-6.31
number
-6
HexPrefab(Clone)
-7.5
hex
-7.5
diceChip
-7.81
number
-7.5
HexPrefab(Clone)
-9
hex
-9
diceChip
-9.31
number
-9
HexPrefab(Clone)
-10.5
hex
-10.5
diceChip
-10.81
number
-10.5
HexPrefab(Clone)
-12
hex
-12
diceChip
-12.31
number
-12
HexPrefab(Clone)
-13.5
hex
-13.5
diceChip
-13.81
number
-13.5
HexPrefab(Clone)
-15
hex
-15
diceChip
-15.31
number
-15
TradeStationDockingPoint(Clone)
-15
Cylinder
-15
TradeStationDockingPoint(Clone)
-14.52447
Cylinder
-14.52447
TradeStationDockingPoint(Clone)
-14.70611
Cylinder
-14.70611
TradeStationDockingPoint(Clone)
-15.29389
Cylinder
-15.29389
TradeStationDockingPoint(Clone)
-15.47553
Cylinder
-15.47553
HexPrefab(Clone)
-3
hex
-3
diceChip
-3.31
number
-3
HexPrefab(Clone)
-4.5
hex
-4.5
diceChip
-4.81
number
-4.5
HexPrefab(Clone)
-6
hex
-6
diceChip
-6.31
number
-6
HexPrefab(Clone)
-7.5
hex
-7.5
diceChip
-7.81
number
-7.5
HexPrefab(Clone)
-9
hex
-9
diceChip
-9.31
number
-9
TradeStationDockingPoint(Clone)
-9
Cylinder
-9
TradeStationDockingPoint(Clone)
-8.524471
Cylinder
-8.524471
TradeStationDockingPoint(Clone)
-8.706107
Cylinder
-8.706107
TradeStationDockingPoint(Clone)
-9.293893
Cylinder
-9.293893
TradeStationDockingPoint(Clone)
-9.475529
Cylinder
-9.475529
HexPrefab(Clone)
-10.5
hex
-10.5
diceChip
-10.81
number
-10.5
HexPrefab(Clone)
-12
hex
-12
diceChip
-12.31
number
-12
HexPrefab(Clone)
-13.5
hex
-13.5
diceChip
-13.81
number
-13.5
HexPrefab(Clone)
-15
hex
-15
diceChip
-15.31
number
-15
HexPrefab(Clone)
-3
hex
-3
diceChip
-3.31
number
-3
HexPrefab(Clone)
-4.5
hex
-4.5
diceChip
-4.81
number
-4.5
HexPrefab(Clone)
-6
hex
-6
diceChip
-6.31
number
-6
HexPrefab(Clone)
-7.5
hex
-7.5
diceChip
-7.81
number
-7.5
HexPrefab(Clone)
-9
hex
-9
diceChip
-9.31
number
-9
HexPrefab(Clone)
-10.5
hex
-10.5
diceChip
-10.81
number
-10.5
HexPrefab(Clone)
-12
hex
-12
diceChip
-12.31
number
-12
HexPrefab(Clone)
-13.5
hex
-13.5
diceChip
-13.81
number
-13.5
HexPrefab(Clone)
-15
hex
-15
diceChip
-15.31
number
-15
HexPrefab(Clone)
-3
hex
-3
diceChip
-3.31
number
-3
HexPrefab(Clone)
-4.5
hex
-4.5
diceChip
-4.81
number
-4.5
HexPrefab(Clone)
-6
hex
-6
diceChip
-6.31
number
-6
HexPrefab(Clone)
-7.5
hex
-7.5
diceChip
-7.81
number
-7.5
HexPrefab(Clone)
-9
hex
-9
diceChip
-9.31
number
-9
HexPrefab(Clone)
-10.5
hex
-10.5
diceChip
-10.81
number
-10.5
HexPrefab(Clone)
-12
hex
-12
diceChip
-12.31
number
-12
HexPrefab(Clone)
-13.5
hex
-13.5
diceChip
-13.81
number
-13.5
HexPrefab(Clone)
-15
hex
-15
diceChip
-15.31
number
-15
HexPrefab(Clone)
-3
hex
-3
diceChip
-3.31
number
-3
HexPrefab(Clone)
-4.5
hex
-4.5
diceChip
-4.81
number
-4.5
HexPrefab(Clone)
-6
hex
-6
diceChip
-6.31
number
-6
HexPrefab(Clone)
-7.5
hex
-7.5
diceChip
-7.81
number
-7.5
HexPrefab(Clone)
-9
hex
-9
diceChip
-9.31
number
-9
TradeStationDockingPoint(Clone)
-9
Cylinder
-9
TradeStationDockingPoint(Clone)
-8.524471
Cylinder
-8.524471
TradeStationDockingPoint(Clone)
-8.706107
Cylinder
-8.706107
TradeStationDockingPoint(Clone)
-9.293893
Cylinder
-9.293893
TradeStationDockingPoint(Clone)
-9.475529
Cylinder
-9.475529
HexPrefab(Clone)
-10.5
hex
-10.5
diceChip
-10.81
number
-10.5
HexPrefab(Clone)
-12
hex
-12
diceChip
-12.31
number
-12
HexPrefab(Clone)
-13.5
hex
-13.5
diceChip
-13.81
number
-13.5
HexPrefab(Clone)
-15
hex
-15
diceChip
-15.31
number
-15
TradeStationDockingPoint(Clone)
-15
Cylinder
-15
TradeStationDockingPoint(Clone)
-14.52447
Cylinder
-14.52447
TradeStationDockingPoint(Clone)
-14.70611
Cylinder
-14.70611
TradeStationDockingPoint(Clone)
-15.29389
Cylinder
-15.29389
TradeStationDockingPoint(Clone)
-15.47553
Cylinder
-15.47553
HexPrefab(Clone)
-3
hex
-3
diceChip
-3.31
number
-3
HexPrefab(Clone)
-4.5
hex
-4.5
diceChip
-4.81
number
-4.5
HexPrefab(Clone)
-6
hex
-6
diceChip
-6.31
number
-6
HexPrefab(Clone)
-7.5
hex
-7.5
diceChip
-7.81
number
-7.5
HexPrefab(Clone)
-9
hex
-9
diceChip
-9.31
number
-9
HexPrefab(Clone)
-10.5
hex
-10.5
diceChip
-10.81
number
-10.5
HexPrefab(Clone)
-12
hex
-12
diceChip
-12.31
number
-12
HexPrefab(Clone)
-13.5
hex
-13.5
diceChip
-13.81
number
-13.5
HexPrefab(Clone)
-15
hex
-15
diceChip
-15.31
number
-15
HexPrefab(Clone)
-3
hex
-3
diceChip
-3.31
number
-3
HexPrefab(Clone)
-4.5
hex
-4.5
diceChip
-4.81
number
-4.5
HexPrefab(Clone)
-6
hex
-6
diceChip
-6.31
number
-6
HexPrefab(Clone)
-7.5
hex
-7.5
diceChip
-7.81
number
-7.5
HexPrefab(Clone)
-9
hex
-9
diceChip
-9.31
number
-9
HexPrefab(Clone)
-10.5
hex
-10.5
diceChip
-10.81
number
-10.5
HexPrefab(Clone)
-12
hex
-12
diceChip
-12.31
number
-12
HexPrefab(Clone)
-13.5
hex
-13.5
diceChip
-13.81
number
-13.5
HexPrefab(Clone)
-15
hex
-15
diceChip
-15.31
number
-15
HexPrefab(Clone)
-16.5
hex
-16.5
diceChip
-16.81
number
-16.5
HexPrefab(Clone)
-3
hex
-3
diceChip
-3.31
number
-3
HexPrefab(Clone)
-4.5
hex
-4.5
diceChip
-4.81
number
-4.5
HexPrefab(Clone)
-6
hex
-6
diceChip
-6.31
number
-6
HexPrefab(Clone)
-7.5
hex
-7.5
diceChip
-7.81
number
-7.5
HexPrefab(Clone)
-9
hex
-9
diceChip
-9.31
number
-9
HexPrefab(Clone)
-10.5
hex
-10.5
diceChip
-10.81
number
-10.5
HexPrefab(Clone)
-12
hex
-12
diceChip
-12.31
number
-12
HexPrefab(Clone)
-13.5
hex
-13.5
diceChip
-13.81
number
-13.5
HexPrefab(Clone)
-15
hex
-15
diceChip
-15.31
number
-15
HexPrefab(Clone)
-16.5
hex
-16.5
diceChip
-16.81
number
-16.5
HexPrefab(Clone)
-3
hex
-3
diceChip
-3.31
number
-3
HexPrefab(Clone)
-4.5
hex
-4.5
diceChip
-4.81
number
-4.5
HexPrefab(Clone)
-6
hex
-6
diceChip
-6.31
number
-6
HexPrefab(Clone)
-7.5
hex
-7.5
diceChip
-7.81
number
-7.5
HexPrefab(Clone)
-9
hex
-9
diceChip
-9.31
number
-9
HexPrefab(Clone)
-10.5
hex
-10.5
diceChip
-10.81
number
-10.5
HexPrefab(Clone)
-12
hex
-12
diceChip
-12.31
number
-12
HexPrefab(Clone)
-13.5
hex
-13.5
diceChip
-13.81
number
-13.5
HexPrefab(Clone)
-15
hex
-15
diceChip
-15.31
number
-15
HexPrefab(Clone)
-3
hex
-3
diceChip
-3.31
number
-3
HexPrefab(Clone)
-4.5
hex
-4.5
diceChip
-4.81
number
-4.5
HexPrefab(Clone)
-6
hex
-6
diceChip
-6.31
number
-6
HexPrefab(Clone)
-7.5
hex
-7.5
diceChip
-7.81
number
-7.5
HexPrefab(Clone)
-9
hex
-9
diceChip
-9.31
number
-9
HexPrefab(Clone)
-10.5
hex
-10.5
diceChip
-10.81
number
-10.5
HexPrefab(Clone)
-12
hex
-12
diceChip
-12.31
number
-12
HexPrefab(Clone)
-3
hex
-3
diceChip
-3.31
number
-3
HexPrefab(Clone)
-4.5
hex
-4.5
diceChip
-4.81
number
-4.5
HexPrefab(Clone)
-6
hex
-6
diceChip
-6.31
number
-6
HexPrefab(Clone)
-7.5
hex
-7.5
diceChip
-7.81
number
-7.5
HexPrefab(Clone)
-9
hex
-9
diceChip
-9.31
number
-9
HexPrefab(Clone)
-1.5
hex
-1.5
diceChip
-1.81
number
-1.5
HexPrefab(Clone)
-3
hex
-3
diceChip
-3.31
number
-3
HexPrefab(Clone)
-4.5
hex
-4.5
diceChip
-4.81
number
-4.5
HexPrefab(Clone)
-6
hex
-6
diceChip
-6.31
number
-6
HexPrefab(Clone)
-1.5
hex
-1.5
diceChip
-1.81
number
-1.5
HexPrefab(Clone)
-3
hex
-3
diceChip
-3.31
number
-3
Lowest X:0
Lowest Y:-16.81
Highest Y:0
Higest X:27.71281
Plauer datachanged!
Drawing HUD!
player.name: DefaultPlayerName
player.hand.Count(): 1
Plauer datachanged!
Drawing HUD!
player.name: DefaultPlayerName
player.hand.Count(): 2
Plauer datachanged!
Drawing HUD!
player.name: DefaultPlayerName
player.hand.Count(): 3
Plauer datachanged!
Drawing HUD!
player.name: DefaultPlayerName
player.hand.Count(): 4
Plauer datachanged!
Drawing HUD!
player.name: DefaultPlayerName
player.hand.Count(): 5
Plauer datachanged!
Drawing HUD!
player.name: DefaultPlayerName
player.hand.Count(): 6
Plauer datachanged!
Drawing HUD!
player.name: DefaultPlayerName
player.hand.Count(): 7
Plauer datachanged!
Drawing HUD!
player.name: DefaultPlayerName
player.hand.Count(): 8
Plauer datachanged!
Drawing HUD!
player.name: DefaultPlayerName
player.hand.Count(): 9
Plauer datachanged!
Drawing HUD!
player.name: DefaultPlayerName
player.hand.Count(): 10
Plauer datachanged!
Drawing HUD!
player.name: DefaultPlayerName
player.hand.Count(): 11
Plauer datachanged!
Drawing HUD!
player.name: DefaultPlayerName
player.hand.Count(): 12
Plauer datachanged!
Drawing HUD!
player.name: DefaultPlayerName
player.hand.Count(): 13
Plauer datachanged!
Drawing HUD!
player.name: DefaultPlayerName
player.hand.Count(): 14
Plauer datachanged!
Drawing HUD!
player.name: DefaultPlayerName
player.hand.Count(): 15
Plauer datachanged!
Drawing HUD!
player.name: DefaultPlayerName
player.hand.Count(): 16
Plauer datachanged!
Drawing HUD!
player.name: DefaultPlayerName
player.hand.Count(): 17
Plauer datachanged!
Drawing HUD!
player.name: DefaultPlayerName
player.hand.Count(): 18
Plauer datachanged!
Drawing HUD!
player.name: DefaultPlayerName
player.hand.Count(): 19
Plauer datachanged!
Drawing HUD!
player.name: DefaultPlayerName
player.hand.Count(): 20
Plauer datachanged!
Drawing HUD!
player.name: DefaultPlayerName
player.hand.Count(): 21
Plauer datachanged!
Drawing HUD!
player.name: DefaultPlayerName
player.hand.Count(): 22
Plauer datachanged!
Drawing HUD!
player.name: DefaultPlayerName
player.hand.Count(): 23
Plauer datachanged!
Drawing HUD!
player.name: DefaultPlayerName
player.hand.Count(): 24
Plauer datachanged!
Drawing HUD!
player.name: DefaultPlayerName
player.hand.Count(): 25
TH1
Plauer datachanged!
Drawing HUD!
player.name: DefaultPlayerName
player.hand.Count(): 25
TH1
Plauer datachanged!
Drawing HUD!
player.name: DefaultPlayerName
player.hand.Count(): 25
TH1
The referenced script (Unknown) on this Behaviour is missing!
The referenced script on this Behaviour (Game Object 'TradeBasePrefab') is missing!
The referenced script on this Behaviour (Game Object 'TradeBasePrefab') is missing!
Plauer datachanged!
Drawing HUD!
player.name: DefaultPlayerName
player.hand.Count(): 25
]]></output>
          </test-case>
        </test-suite>
        <test-suite type="TestFixture" id="1003" name="Example" fullname="Tests.Example" classname="Tests.Example" runstate="Runnable" testcasecount="8" result="Passed" start-time="2021-04-18 09:09:17Z" end-time="2021-04-18 09:09:27Z" duration="9.787046" total="8" passed="8" failed="0" inconclusive="0" skipped="0" asserts="0">
          <properties />
          <test-case id="1006" name="TestEncounterCard12_no" fullname="Tests.Example.TestEncounterCard12_no" methodname="TestEncounterCard12_no" classname="Tests.Example" runstate="Runnable" seed="1908729855" result="Passed" start-time="2021-04-18 09:09:17Z" end-time="2021-04-18 09:09:18Z" duration="1.130997" asserts="0">
            <properties>
              <property name="_JOINTYPE" value="UnityCombinatorial" />
            </properties>
            <output><![CDATA[Parent of RectTransform is being set with parent property. Consider using the SetParent method instead, with the worldPositionStays argument set to false. This will retain local orientation and scale rather than world orientation and scale, which can prevent common UI scaling issues.
Parent of RectTransform is being set with parent property. Consider using the SetParent method instead, with the worldPositionStays argument set to false. This will retain local orientation and scale rather than world orientation and scale, which can prevent common UI scaling issues.
Parent of RectTransform is being set with parent property. Consider using the SetParent method instead, with the worldPositionStays argument set to false. This will retain local orientation and scale rather than world orientation and scale, which can prevent common UI scaling issues.
Parent of RectTransform is being set with parent property. Consider using the SetParent method instead, with the worldPositionStays argument set to false. This will retain local orientation and scale rather than world orientation and scale, which can prevent common UI scaling issues.
Parent of RectTransform is being set with parent property. Consider using the SetParent method instead, with the worldPositionStays argument set to false. This will retain local orientation and scale rather than world orientation and scale, which can prevent common UI scaling issues.
Parent of RectTransform is being set with parent property. Consider using the SetParent method instead, with the worldPositionStays argument set to false. This will retain local orientation and scale rather than world orientation and scale, which can prevent common UI scaling issues.
Parent of RectTransform is being set with parent property. Consider using the SetParent method instead, with the worldPositionStays argument set to false. This will retain local orientation and scale rather than world orientation and scale, which can prevent common UI scaling issues.
Parent of RectTransform is being set with parent property. Consider using the SetParent method instead, with the worldPositionStays argument set to false. This will retain local orientation and scale rather than world orientation and scale, which can prevent common UI scaling issues.
Parent of RectTransform is being set with parent property. Consider using the SetParent method instead, with the worldPositionStays argument set to false. This will retain local orientation and scale rather than world orientation and scale, which can prevent common UI scaling issues.
Parent of RectTransform is being set with parent property. Consider using the SetParent method instead, with the worldPositionStays argument set to false. This will retain local orientation and scale rather than world orientation and scale, which can prevent common UI scaling issues.
Parent of RectTransform is being set with parent property. Consider using the SetParent method instead, with the worldPositionStays argument set to false. This will retain local orientation and scale rather than world orientation and scale, which can prevent common UI scaling issues.
Parent of RectTransform is being set with parent property. Consider using the SetParent method instead, with the worldPositionStays argument set to false. This will retain local orientation and scale rather than world orientation and scale, which can prevent common UI scaling issues.
Parent of RectTransform is being set with parent property. Consider using the SetParent method instead, with the worldPositionStays argument set to false. This will retain local orientation and scale rather than world orientation and scale, which can prevent common UI scaling issues.
Parent of RectTransform is being set with parent property. Consider using the SetParent method instead, with the worldPositionStays argument set to false. This will retain local orientation and scale rather than world orientation and scale, which can prevent common UI scaling issues.
Parent of RectTransform is being set with parent property. Consider using the SetParent method instead, with the worldPositionStays argument set to false. This will retain local orientation and scale rather than world orientation and scale, which can prevent common UI scaling issues.
Parent of RectTransform is being set with parent property. Consider using the SetParent method instead, with the worldPositionStays argument set to false. This will retain local orientation and scale rather than world orientation and scale, which can prevent common UI scaling issues.
Playername: DefaultPlayerName
Drawing HUD!
player.name: DefaultPlayerName
player.hand.Count(): 0
main player index: 0
num players: 2
num indizes: 1
Parent of RectTransform is being set with parent property. Consider using the SetParent method instead, with the worldPositionStays argument set to false. This will retain local orientation and scale rather than world orientation and scale, which can prevent common UI scaling issues.
Map
0
TileGroupRenderer
0
HexPrefab(Clone)
-15
hex
-15
diceChip
-15.31
number
-15
HexPrefab(Clone)
-12
hex
-12
diceChip
-12.31
number
-12
HexPrefab(Clone)
-13.5
hex
-13.5
diceChip
-13.81
number
-13.5
HexPrefab(Clone)
-15
hex
-15
diceChip
-15.31
number
-15
HexPrefab(Clone)
-9
hex
-9
diceChip
-9.31
number
-9
HexPrefab(Clone)
-10.5
hex
-10.5
diceChip
-10.81
number
-10.5
HexPrefab(Clone)
-12
hex
-12
diceChip
-12.31
number
-12
HexPrefab(Clone)
-13.5
hex
-13.5
diceChip
-13.81
number
-13.5
HexPrefab(Clone)
-15
hex
-15
diceChip
-15.31
number
-15
HexPrefab(Clone)
-6
hex
-6
diceChip
-6.31
number
-6
HexPrefab(Clone)
-7.5
hex
-7.5
diceChip
-7.81
number
-7.5
HexPrefab(Clone)
-9
hex
-9
diceChip
-9.31
number
-9
HexPrefab(Clone)
-10.5
hex
-10.5
diceChip
-10.81
number
-10.5
HexPrefab(Clone)
-12
hex
-12
diceChip
-12.31
number
-12
HexPrefab(Clone)
-13.5
hex
-13.5
diceChip
-13.81
number
-13.5
HexPrefab(Clone)
-15
hex
-15
diceChip
-15.31
number
-15
HexPrefab(Clone)
-3
hex
-3
diceChip
-3.31
number
-3
HexPrefab(Clone)
-4.5
hex
-4.5
diceChip
-4.81
number
-4.5
HexPrefab(Clone)
-6
hex
-6
diceChip
-6.31
number
-6
HexPrefab(Clone)
-7.5
hex
-7.5
diceChip
-7.81
number
-7.5
HexPrefab(Clone)
-9
hex
-9
diceChip
-9.31
number
-9
HexPrefab(Clone)
-10.5
hex
-10.5
diceChip
-10.81
number
-10.5
HexPrefab(Clone)
-12
hex
-12
diceChip
-12.31
number
-12
HexPrefab(Clone)
-13.5
hex
-13.5
diceChip
-13.81
number
-13.5
HexPrefab(Clone)
-15
hex
-15
diceChip
-15.31
number
-15
HexPrefab(Clone)
-3
hex
-3
diceChip
-3.31
number
-3
HexPrefab(Clone)
-4.5
hex
-4.5
diceChip
-4.81
number
-4.5
HexPrefab(Clone)
-6
hex
-6
diceChip
-6.31
number
-6
HexPrefab(Clone)
-7.5
hex
-7.5
diceChip
-7.81
number
-7.5
HexPrefab(Clone)
-9
hex
-9
diceChip
-9.31
number
-9
HexPrefab(Clone)
-10.5
hex
-10.5
diceChip
-10.81
number
-10.5
HexPrefab(Clone)
-12
hex
-12
diceChip
-12.31
number
-12
HexPrefab(Clone)
-13.5
hex
-13.5
diceChip
-13.81
number
-13.5
HexPrefab(Clone)
-15
hex
-15
diceChip
-15.31
number
-15
HexPrefab(Clone)
-3
hex
-3
diceChip
-3.31
number
-3
HexPrefab(Clone)
-4.5
hex
-4.5
diceChip
-4.81
number
-4.5
HexPrefab(Clone)
-6
hex
-6
diceChip
-6.31
number
-6
HexPrefab(Clone)
-7.5
hex
-7.5
diceChip
-7.81
number
-7.5
HexPrefab(Clone)
-9
hex
-9
diceChip
-9.31
number
-9
HexPrefab(Clone)
-10.5
hex
-10.5
diceChip
-10.81
number
-10.5
HexPrefab(Clone)
-12
hex
-12
diceChip
-12.31
number
-12
HexPrefab(Clone)
-13.5
hex
-13.5
diceChip
-13.81
number
-13.5
HexPrefab(Clone)
-15
hex
-15
diceChip
-15.31
number
-15
TradeStationDockingPoint(Clone)
-15
Cylinder
-15
TradeStationDockingPoint(Clone)
-14.52447
Cylinder
-14.52447
TradeStationDockingPoint(Clone)
-14.70611
Cylinder
-14.70611
TradeStationDockingPoint(Clone)
-15.29389
Cylinder
-15.29389
TradeStationDockingPoint(Clone)
-15.47553
Cylinder
-15.47553
HexPrefab(Clone)
-3
hex
-3
diceChip
-3.31
number
-3
HexPrefab(Clone)
-4.5
hex
-4.5
diceChip
-4.81
number
-4.5
HexPrefab(Clone)
-6
hex
-6
diceChip
-6.31
number
-6
HexPrefab(Clone)
-7.5
hex
-7.5
diceChip
-7.81
number
-7.5
HexPrefab(Clone)
-9
hex
-9
diceChip
-9.31
number
-9
TradeStationDockingPoint(Clone)
-9
Cylinder
-9
TradeStationDockingPoint(Clone)
-8.524471
Cylinder
-8.524471
TradeStationDockingPoint(Clone)
-8.706107
Cylinder
-8.706107
TradeStationDockingPoint(Clone)
-9.293893
Cylinder
-9.293893
TradeStationDockingPoint(Clone)
-9.475529
Cylinder
-9.475529
HexPrefab(Clone)
-10.5
hex
-10.5
diceChip
-10.81
number
-10.5
HexPrefab(Clone)
-12
hex
-12
diceChip
-12.31
number
-12
HexPrefab(Clone)
-13.5
hex
-13.5
diceChip
-13.81
number
-13.5
HexPrefab(Clone)
-15
hex
-15
diceChip
-15.31
number
-15
HexPrefab(Clone)
-3
hex
-3
diceChip
-3.31
number
-3
HexPrefab(Clone)
-4.5
hex
-4.5
diceChip
-4.81
number
-4.5
HexPrefab(Clone)
-6
hex
-6
diceChip
-6.31
number
-6
HexPrefab(Clone)
-7.5
hex
-7.5
diceChip
-7.81
number
-7.5
HexPrefab(Clone)
-9
hex
-9
diceChip
-9.31
number
-9
HexPrefab(Clone)
-10.5
hex
-10.5
diceChip
-10.81
number
-10.5
HexPrefab(Clone)
-12
hex
-12
diceChip
-12.31
number
-12
HexPrefab(Clone)
-13.5
hex
-13.5
diceChip
-13.81
number
-13.5
HexPrefab(Clone)
-15
hex
-15
diceChip
-15.31
number
-15
HexPrefab(Clone)
-3
hex
-3
diceChip
-3.31
number
-3
HexPrefab(Clone)
-4.5
hex
-4.5
diceChip
-4.81
number
-4.5
HexPrefab(Clone)
-6
hex
-6
diceChip
-6.31
number
-6
HexPrefab(Clone)
-7.5
hex
-7.5
diceChip
-7.81
number
-7.5
HexPrefab(Clone)
-9
hex
-9
diceChip
-9.31
number
-9
HexPrefab(Clone)
-10.5
hex
-10.5
diceChip
-10.81
number
-10.5
HexPrefab(Clone)
-12
hex
-12
diceChip
-12.31
number
-12
HexPrefab(Clone)
-13.5
hex
-13.5
diceChip
-13.81
number
-13.5
HexPrefab(Clone)
-15
hex
-15
diceChip
-15.31
number
-15
HexPrefab(Clone)
-3
hex
-3
diceChip
-3.31
number
-3
HexPrefab(Clone)
-4.5
hex
-4.5
diceChip
-4.81
number
-4.5
HexPrefab(Clone)
-6
hex
-6
diceChip
-6.31
number
-6
HexPrefab(Clone)
-7.5
hex
-7.5
diceChip
-7.81
number
-7.5
HexPrefab(Clone)
-9
hex
-9
diceChip
-9.31
number
-9
TradeStationDockingPoint(Clone)
-9
Cylinder
-9
TradeStationDockingPoint(Clone)
-8.524471
Cylinder
-8.524471
TradeStationDockingPoint(Clone)
-8.706107
Cylinder
-8.706107
TradeStationDockingPoint(Clone)
-9.293893
Cylinder
-9.293893
TradeStationDockingPoint(Clone)
-9.475529
Cylinder
-9.475529
HexPrefab(Clone)
-10.5
hex
-10.5
diceChip
-10.81
number
-10.5
HexPrefab(Clone)
-12
hex
-12
diceChip
-12.31
number
-12
HexPrefab(Clone)
-13.5
hex
-13.5
diceChip
-13.81
number
-13.5
HexPrefab(Clone)
-15
hex
-15
diceChip
-15.31
number
-15
TradeStationDockingPoint(Clone)
-15
Cylinder
-15
TradeStationDockingPoint(Clone)
-14.52447
Cylinder
-14.52447
TradeStationDockingPoint(Clone)
-14.70611
Cylinder
-14.70611
TradeStationDockingPoint(Clone)
-15.29389
Cylinder
-15.29389
TradeStationDockingPoint(Clone)
-15.47553
Cylinder
-15.47553
HexPrefab(Clone)
-3
hex
-3
diceChip
-3.31
number
-3
HexPrefab(Clone)
-4.5
hex
-4.5
diceChip
-4.81
number
-4.5
HexPrefab(Clone)
-6
hex
-6
diceChip
-6.31
number
-6
HexPrefab(Clone)
-7.5
hex
-7.5
diceChip
-7.81
number
-7.5
HexPrefab(Clone)
-9
hex
-9
diceChip
-9.31
number
-9
HexPrefab(Clone)
-10.5
hex
-10.5
diceChip
-10.81
number
-10.5
HexPrefab(Clone)
-12
hex
-12
diceChip
-12.31
number
-12
HexPrefab(Clone)
-13.5
hex
-13.5
diceChip
-13.81
number
-13.5
HexPrefab(Clone)
-15
hex
-15
diceChip
-15.31
number
-15
HexPrefab(Clone)
-3
hex
-3
diceChip
-3.31
number
-3
HexPrefab(Clone)
-4.5
hex
-4.5
diceChip
-4.81
number
-4.5
HexPrefab(Clone)
-6
hex
-6
diceChip
-6.31
number
-6
HexPrefab(Clone)
-7.5
hex
-7.5
diceChip
-7.81
number
-7.5
HexPrefab(Clone)
-9
hex
-9
diceChip
-9.31
number
-9
HexPrefab(Clone)
-10.5
hex
-10.5
diceChip
-10.81
number
-10.5
HexPrefab(Clone)
-12
hex
-12
diceChip
-12.31
number
-12
HexPrefab(Clone)
-13.5
hex
-13.5
diceChip
-13.81
number
-13.5
HexPrefab(Clone)
-15
hex
-15
diceChip
-15.31
number
-15
HexPrefab(Clone)
-16.5
hex
-16.5
diceChip
-16.81
number
-16.5
HexPrefab(Clone)
-3
hex
-3
diceChip
-3.31
number
-3
HexPrefab(Clone)
-4.5
hex
-4.5
diceChip
-4.81
number
-4.5
HexPrefab(Clone)
-6
hex
-6
diceChip
-6.31
number
-6
HexPrefab(Clone)
-7.5
hex
-7.5
diceChip
-7.81
number
-7.5
HexPrefab(Clone)
-9
hex
-9
diceChip
-9.31
number
-9
HexPrefab(Clone)
-10.5
hex
-10.5
diceChip
-10.81
number
-10.5
HexPrefab(Clone)
-12
hex
-12
diceChip
-12.31
number
-12
HexPrefab(Clone)
-13.5
hex
-13.5
diceChip
-13.81
number
-13.5
HexPrefab(Clone)
-15
hex
-15
diceChip
-15.31
number
-15
HexPrefab(Clone)
-16.5
hex
-16.5
diceChip
-16.81
number
-16.5
HexPrefab(Clone)
-3
hex
-3
diceChip
-3.31
number
-3
HexPrefab(Clone)
-4.5
hex
-4.5
diceChip
-4.81
number
-4.5
HexPrefab(Clone)
-6
hex
-6
diceChip
-6.31
number
-6
HexPrefab(Clone)
-7.5
hex
-7.5
diceChip
-7.81
number
-7.5
HexPrefab(Clone)
-9
hex
-9
diceChip
-9.31
number
-9
HexPrefab(Clone)
-10.5
hex
-10.5
diceChip
-10.81
number
-10.5
HexPrefab(Clone)
-12
hex
-12
diceChip
-12.31
number
-12
HexPrefab(Clone)
-13.5
hex
-13.5
diceChip
-13.81
number
-13.5
HexPrefab(Clone)
-15
hex
-15
diceChip
-15.31
number
-15
HexPrefab(Clone)
-3
hex
-3
diceChip
-3.31
number
-3
HexPrefab(Clone)
-4.5
hex
-4.5
diceChip
-4.81
number
-4.5
HexPrefab(Clone)
-6
hex
-6
diceChip
-6.31
number
-6
HexPrefab(Clone)
-7.5
hex
-7.5
diceChip
-7.81
number
-7.5
HexPrefab(Clone)
-9
hex
-9
diceChip
-9.31
number
-9
HexPrefab(Clone)
-10.5
hex
-10.5
diceChip
-10.81
number
-10.5
HexPrefab(Clone)
-12
hex
-12
diceChip
-12.31
number
-12
HexPrefab(Clone)
-3
hex
-3
diceChip
-3.31
number
-3
HexPrefab(Clone)
-4.5
hex
-4.5
diceChip
-4.81
number
-4.5
HexPrefab(Clone)
-6
hex
-6
diceChip
-6.31
number
-6
HexPrefab(Clone)
-7.5
hex
-7.5
diceChip
-7.81
number
-7.5
HexPrefab(Clone)
-9
hex
-9
diceChip
-9.31
number
-9
HexPrefab(Clone)
-1.5
hex
-1.5
diceChip
-1.81
number
-1.5
HexPrefab(Clone)
-3
hex
-3
diceChip
-3.31
number
-3
HexPrefab(Clone)
-4.5
hex
-4.5
diceChip
-4.81
number
-4.5
HexPrefab(Clone)
-6
hex
-6
diceChip
-6.31
number
-6
HexPrefab(Clone)
-1.5
hex
-1.5
diceChip
-1.81
number
-1.5
HexPrefab(Clone)
-3
hex
-3
diceChip
-3.31
number
-3
Lowest X:0
Lowest Y:-16.81
Highest Y:0
Higest X:27.71281
Plauer datachanged!
Drawing HUD!
player.name: DefaultPlayerName
player.hand.Count(): 1
Plauer datachanged!
Drawing HUD!
player.name: DefaultPlayerName
player.hand.Count(): 2
Plauer datachanged!
Drawing HUD!
player.name: DefaultPlayerName
player.hand.Count(): 3
Plauer datachanged!
Drawing HUD!
player.name: DefaultPlayerName
player.hand.Count(): 4
Plauer datachanged!
Drawing HUD!
player.name: DefaultPlayerName
player.hand.Count(): 5
Plauer datachanged!
Drawing HUD!
player.name: DefaultPlayerName
player.hand.Count(): 6
Plauer datachanged!
Drawing HUD!
player.name: DefaultPlayerName
player.hand.Count(): 7
Plauer datachanged!
Drawing HUD!
player.name: DefaultPlayerName
player.hand.Count(): 8
Plauer datachanged!
Drawing HUD!
player.name: DefaultPlayerName
player.hand.Count(): 9
Plauer datachanged!
Drawing HUD!
player.name: DefaultPlayerName
player.hand.Count(): 10
Plauer datachanged!
Drawing HUD!
player.name: DefaultPlayerName
player.hand.Count(): 11
Plauer datachanged!
Drawing HUD!
player.name: DefaultPlayerName
player.hand.Count(): 12
Plauer datachanged!
Drawing HUD!
player.name: DefaultPlayerName
player.hand.Count(): 13
Plauer datachanged!
Drawing HUD!
player.name: DefaultPlayerName
player.hand.Count(): 14
Plauer datachanged!
Drawing HUD!
player.name: DefaultPlayerName
player.hand.Count(): 15
Plauer datachanged!
Drawing HUD!
player.name: DefaultPlayerName
player.hand.Count(): 16
Plauer datachanged!
Drawing HUD!
player.name: DefaultPlayerName
player.hand.Count(): 17
Plauer datachanged!
Drawing HUD!
player.name: DefaultPlayerName
player.hand.Count(): 18
Plauer datachanged!
Drawing HUD!
player.name: DefaultPlayerName
player.hand.Count(): 19
Plauer datachanged!
Drawing HUD!
player.name: DefaultPlayerName
player.hand.Count(): 20
Plauer datachanged!
Drawing HUD!
player.name: DefaultPlayerName
player.hand.Count(): 21
Plauer datachanged!
Drawing HUD!
player.name: DefaultPlayerName
player.hand.Count(): 22
Plauer datachanged!
Drawing HUD!
player.name: DefaultPlayerName
player.hand.Count(): 23
Plauer datachanged!
Drawing HUD!
player.name: DefaultPlayerName
player.hand.Count(): 24
Plauer datachanged!
Drawing HUD!
player.name: DefaultPlayerName
player.hand.Count(): 25
TH1
Plauer datachanged!
Drawing HUD!
player.name: DefaultPlayerName
player.hand.Count(): 25
TH1
Plauer datachanged!
Drawing HUD!
player.name: DefaultPlayerName
player.hand.Count(): 25
TH1
The referenced script (Unknown) on this Behaviour is missing!
The referenced script on this Behaviour (Game Object 'TradeBasePrefab') is missing!
The referenced script on this Behaviour (Game Object 'TradeBasePrefab') is missing!
Plauer datachanged!
Drawing HUD!
player.name: DefaultPlayerName
player.hand.Count(): 25
Parent of RectTransform is being set with parent property. Consider using the SetParent method instead, with the worldPositionStays argument set to false. This will retain local orientation and scale rather than world orientation and scale, which can prevent common UI scaling issues.
Parent of RectTransform is being set with parent property. Consider using the SetParent method instead, with the worldPositionStays argument set to false. This will retain local orientation and scale rather than world orientation and scale, which can prevent common UI scaling issues.
Plauer datachanged!
Drawing HUD!
player.name: DefaultPlayerName
player.hand.Count(): 25
Parent of RectTransform is being set with parent property. Consider using the SetParent method instead, with the worldPositionStays argument set to false. This will retain local orientation and scale rather than world orientation and scale, which can prevent common UI scaling issues.
]]></output>
          </test-case>
          <test-case id="1007" name="TestEncounterCard12_yes_and_rolled_1" fullname="Tests.Example.TestEncounterCard12_yes_and_rolled_1" methodname="TestEncounterCard12_yes_and_rolled_1" classname="Tests.Example" runstate="Runnable" seed="1269691268" result="Passed" start-time="2021-04-18 09:09:18Z" end-time="2021-04-18 09:09:19Z" duration="1.128642" asserts="0">
            <properties>
              <property name="_JOINTYPE" value="UnityCombinatorial" />
            </properties>
            <output><![CDATA[Parent of RectTransform is being set with parent property. Consider using the SetParent method instead, with the worldPositionStays argument set to false. This will retain local orientation and scale rather than world orientation and scale, which can prevent common UI scaling issues.
Parent of RectTransform is being set with parent property. Consider using the SetParent method instead, with the worldPositionStays argument set to false. This will retain local orientation and scale rather than world orientation and scale, which can prevent common UI scaling issues.
Parent of RectTransform is being set with parent property. Consider using the SetParent method instead, with the worldPositionStays argument set to false. This will retain local orientation and scale rather than world orientation and scale, which can prevent common UI scaling issues.
Parent of RectTransform is being set with parent property. Consider using the SetParent method instead, with the worldPositionStays argument set to false. This will retain local orientation and scale rather than world orientation and scale, which can prevent common UI scaling issues.
Parent of RectTransform is being set with parent property. Consider using the SetParent method instead, with the worldPositionStays argument set to false. This will retain local orientation and scale rather than world orientation and scale, which can prevent common UI scaling issues.
Parent of RectTransform is being set with parent property. Consider using the SetParent method instead, with the worldPositionStays argument set to false. This will retain local orientation and scale rather than world orientation and scale, which can prevent common UI scaling issues.
Parent of RectTransform is being set with parent property. Consider using the SetParent method instead, with the worldPositionStays argument set to false. This will retain local orientation and scale rather than world orientation and scale, which can prevent common UI scaling issues.
Parent of RectTransform is being set with parent property. Consider using the SetParent method instead, with the worldPositionStays argument set to false. This will retain local orientation and scale rather than world orientation and scale, which can prevent common UI scaling issues.
Parent of RectTransform is being set with parent property. Consider using the SetParent method instead, with the worldPositionStays argument set to false. This will retain local orientation and scale rather than world orientation and scale, which can prevent common UI scaling issues.
Parent of RectTransform is being set with parent property. Consider using the SetParent method instead, with the worldPositionStays argument set to false. This will retain local orientation and scale rather than world orientation and scale, which can prevent common UI scaling issues.
Parent of RectTransform is being set with parent property. Consider using the SetParent method instead, with the worldPositionStays argument set to false. This will retain local orientation and scale rather than world orientation and scale, which can prevent common UI scaling issues.
Parent of RectTransform is being set with parent property. Consider using the SetParent method instead, with the worldPositionStays argument set to false. This will retain local orientation and scale rather than world orientation and scale, which can prevent common UI scaling issues.
Parent of RectTransform is being set with parent property. Consider using the SetParent method instead, with the worldPositionStays argument set to false. This will retain local orientation and scale rather than world orientation and scale, which can prevent common UI scaling issues.
Parent of RectTransform is being set with parent property. Consider using the SetParent method instead, with the worldPositionStays argument set to false. This will retain local orientation and scale rather than world orientation and scale, which can prevent common UI scaling issues.
Parent of RectTransform is being set with parent property. Consider using the SetParent method instead, with the worldPositionStays argument set to false. This will retain local orientation and scale rather than world orientation and scale, which can prevent common UI scaling issues.
Parent of RectTransform is being set with parent property. Consider using the SetParent method instead, with the worldPositionStays argument set to false. This will retain local orientation and scale rather than world orientation and scale, which can prevent common UI scaling issues.
Playername: DefaultPlayerName
Drawing HUD!
player.name: DefaultPlayerName
player.hand.Count(): 0
main player index: 0
num players: 2
num indizes: 1
Parent of RectTransform is being set with parent property. Consider using the SetParent method instead, with the worldPositionStays argument set to false. This will retain local orientation and scale rather than world orientation and scale, which can prevent common UI scaling issues.
Map
0
TileGroupRenderer
0
HexPrefab(Clone)
-15
hex
-15
diceChip
-15.31
number
-15
HexPrefab(Clone)
-12
hex
-12
diceChip
-12.31
number
-12
HexPrefab(Clone)
-13.5
hex
-13.5
diceChip
-13.81
number
-13.5
HexPrefab(Clone)
-15
hex
-15
diceChip
-15.31
number
-15
HexPrefab(Clone)
-9
hex
-9
diceChip
-9.31
number
-9
HexPrefab(Clone)
-10.5
hex
-10.5
diceChip
-10.81
number
-10.5
HexPrefab(Clone)
-12
hex
-12
diceChip
-12.31
number
-12
HexPrefab(Clone)
-13.5
hex
-13.5
diceChip
-13.81
number
-13.5
HexPrefab(Clone)
-15
hex
-15
diceChip
-15.31
number
-15
HexPrefab(Clone)
-6
hex
-6
diceChip
-6.31
number
-6
HexPrefab(Clone)
-7.5
hex
-7.5
diceChip
-7.81
number
-7.5
HexPrefab(Clone)
-9
hex
-9
diceChip
-9.31
number
-9
HexPrefab(Clone)
-10.5
hex
-10.5
diceChip
-10.81
number
-10.5
HexPrefab(Clone)
-12
hex
-12
diceChip
-12.31
number
-12
HexPrefab(Clone)
-13.5
hex
-13.5
diceChip
-13.81
number
-13.5
HexPrefab(Clone)
-15
hex
-15
diceChip
-15.31
number
-15
HexPrefab(Clone)
-3
hex
-3
diceChip
-3.31
number
-3
HexPrefab(Clone)
-4.5
hex
-4.5
diceChip
-4.81
number
-4.5
HexPrefab(Clone)
-6
hex
-6
diceChip
-6.31
number
-6
HexPrefab(Clone)
-7.5
hex
-7.5
diceChip
-7.81
number
-7.5
HexPrefab(Clone)
-9
hex
-9
diceChip
-9.31
number
-9
HexPrefab(Clone)
-10.5
hex
-10.5
diceChip
-10.81
number
-10.5
HexPrefab(Clone)
-12
hex
-12
diceChip
-12.31
number
-12
HexPrefab(Clone)
-13.5
hex
-13.5
diceChip
-13.81
number
-13.5
HexPrefab(Clone)
-15
hex
-15
diceChip
-15.31
number
-15
HexPrefab(Clone)
-3
hex
-3
diceChip
-3.31
number
-3
HexPrefab(Clone)
-4.5
hex
-4.5
diceChip
-4.81
number
-4.5
HexPrefab(Clone)
-6
hex
-6
diceChip
-6.31
number
-6
HexPrefab(Clone)
-7.5
hex
-7.5
diceChip
-7.81
number
-7.5
HexPrefab(Clone)
-9
hex
-9
diceChip
-9.31
number
-9
HexPrefab(Clone)
-10.5
hex
-10.5
diceChip
-10.81
number
-10.5
HexPrefab(Clone)
-12
hex
-12
diceChip
-12.31
number
-12
HexPrefab(Clone)
-13.5
hex
-13.5
diceChip
-13.81
number
-13.5
HexPrefab(Clone)
-15
hex
-15
diceChip
-15.31
number
-15
HexPrefab(Clone)
-3
hex
-3
diceChip
-3.31
number
-3
HexPrefab(Clone)
-4.5
hex
-4.5
diceChip
-4.81
number
-4.5
HexPrefab(Clone)
-6
hex
-6
diceChip
-6.31
number
-6
HexPrefab(Clone)
-7.5
hex
-7.5
diceChip
-7.81
number
-7.5
HexPrefab(Clone)
-9
hex
-9
diceChip
-9.31
number
-9
HexPrefab(Clone)
-10.5
hex
-10.5
diceChip
-10.81
number
-10.5
HexPrefab(Clone)
-12
hex
-12
diceChip
-12.31
number
-12
HexPrefab(Clone)
-13.5
hex
-13.5
diceChip
-13.81
number
-13.5
HexPrefab(Clone)
-15
hex
-15
diceChip
-15.31
number
-15
TradeStationDockingPoint(Clone)
-15
Cylinder
-15
TradeStationDockingPoint(Clone)
-14.52447
Cylinder
-14.52447
TradeStationDockingPoint(Clone)
-14.70611
Cylinder
-14.70611
TradeStationDockingPoint(Clone)
-15.29389
Cylinder
-15.29389
TradeStationDockingPoint(Clone)
-15.47553
Cylinder
-15.47553
HexPrefab(Clone)
-3
hex
-3
diceChip
-3.31
number
-3
HexPrefab(Clone)
-4.5
hex
-4.5
diceChip
-4.81
number
-4.5
HexPrefab(Clone)
-6
hex
-6
diceChip
-6.31
number
-6
HexPrefab(Clone)
-7.5
hex
-7.5
diceChip
-7.81
number
-7.5
HexPrefab(Clone)
-9
hex
-9
diceChip
-9.31
number
-9
TradeStationDockingPoint(Clone)
-9
Cylinder
-9
TradeStationDockingPoint(Clone)
-8.524471
Cylinder
-8.524471
TradeStationDockingPoint(Clone)
-8.706107
Cylinder
-8.706107
TradeStationDockingPoint(Clone)
-9.293893
Cylinder
-9.293893
TradeStationDockingPoint(Clone)
-9.475529
Cylinder
-9.475529
HexPrefab(Clone)
-10.5
hex
-10.5
diceChip
-10.81
number
-10.5
HexPrefab(Clone)
-12
hex
-12
diceChip
-12.31
number
-12
HexPrefab(Clone)
-13.5
hex
-13.5
diceChip
-13.81
number
-13.5
HexPrefab(Clone)
-15
hex
-15
diceChip
-15.31
number
-15
HexPrefab(Clone)
-3
hex
-3
diceChip
-3.31
number
-3
HexPrefab(Clone)
-4.5
hex
-4.5
diceChip
-4.81
number
-4.5
HexPrefab(Clone)
-6
hex
-6
diceChip
-6.31
number
-6
HexPrefab(Clone)
-7.5
hex
-7.5
diceChip
-7.81
number
-7.5
HexPrefab(Clone)
-9
hex
-9
diceChip
-9.31
number
-9
HexPrefab(Clone)
-10.5
hex
-10.5
diceChip
-10.81
number
-10.5
HexPrefab(Clone)
-12
hex
-12
diceChip
-12.31
number
-12
HexPrefab(Clone)
-13.5
hex
-13.5
diceChip
-13.81
number
-13.5
HexPrefab(Clone)
-15
hex
-15
diceChip
-15.31
number
-15
HexPrefab(Clone)
-3
hex
-3
diceChip
-3.31
number
-3
HexPrefab(Clone)
-4.5
hex
-4.5
diceChip
-4.81
number
-4.5
HexPrefab(Clone)
-6
hex
-6
diceChip
-6.31
number
-6
HexPrefab(Clone)
-7.5
hex
-7.5
diceChip
-7.81
number
-7.5
HexPrefab(Clone)
-9
hex
-9
diceChip
-9.31
number
-9
HexPrefab(Clone)
-10.5
hex
-10.5
diceChip
-10.81
number
-10.5
HexPrefab(Clone)
-12
hex
-12
diceChip
-12.31
number
-12
HexPrefab(Clone)
-13.5
hex
-13.5
diceChip
-13.81
number
-13.5
HexPrefab(Clone)
-15
hex
-15
diceChip
-15.31
number
-15
HexPrefab(Clone)
-3
hex
-3
diceChip
-3.31
number
-3
HexPrefab(Clone)
-4.5
hex
-4.5
diceChip
-4.81
number
-4.5
HexPrefab(Clone)
-6
hex
-6
diceChip
-6.31
number
-6
HexPrefab(Clone)
-7.5
hex
-7.5
diceChip
-7.81
number
-7.5
HexPrefab(Clone)
-9
hex
-9
diceChip
-9.31
number
-9
TradeStationDockingPoint(Clone)
-9
Cylinder
-9
TradeStationDockingPoint(Clone)
-8.524471
Cylinder
-8.524471
TradeStationDockingPoint(Clone)
-8.706107
Cylinder
-8.706107
TradeStationDockingPoint(Clone)
-9.293893
Cylinder
-9.293893
TradeStationDockingPoint(Clone)
-9.475529
Cylinder
-9.475529
HexPrefab(Clone)
-10.5
hex
-10.5
diceChip
-10.81
number
-10.5
HexPrefab(Clone)
-12
hex
-12
diceChip
-12.31
number
-12
HexPrefab(Clone)
-13.5
hex
-13.5
diceChip
-13.81
number
-13.5
HexPrefab(Clone)
-15
hex
-15
diceChip
-15.31
number
-15
TradeStationDockingPoint(Clone)
-15
Cylinder
-15
TradeStationDockingPoint(Clone)
-14.52447
Cylinder
-14.52447
TradeStationDockingPoint(Clone)
-14.70611
Cylinder
-14.70611
TradeStationDockingPoint(Clone)
-15.29389
Cylinder
-15.29389
TradeStationDockingPoint(Clone)
-15.47553
Cylinder
-15.47553
HexPrefab(Clone)
-3
hex
-3
diceChip
-3.31
number
-3
HexPrefab(Clone)
-4.5
hex
-4.5
diceChip
-4.81
number
-4.5
HexPrefab(Clone)
-6
hex
-6
diceChip
-6.31
number
-6
HexPrefab(Clone)
-7.5
hex
-7.5
diceChip
-7.81
number
-7.5
HexPrefab(Clone)
-9
hex
-9
diceChip
-9.31
number
-9
HexPrefab(Clone)
-10.5
hex
-10.5
diceChip
-10.81
number
-10.5
HexPrefab(Clone)
-12
hex
-12
diceChip
-12.31
number
-12
HexPrefab(Clone)
-13.5
hex
-13.5
diceChip
-13.81
number
-13.5
HexPrefab(Clone)
-15
hex
-15
diceChip
-15.31
number
-15
HexPrefab(Clone)
-3
hex
-3
diceChip
-3.31
number
-3
HexPrefab(Clone)
-4.5
hex
-4.5
diceChip
-4.81
number
-4.5
HexPrefab(Clone)
-6
hex
-6
diceChip
-6.31
number
-6
HexPrefab(Clone)
-7.5
hex
-7.5
diceChip
-7.81
number
-7.5
HexPrefab(Clone)
-9
hex
-9
diceChip
-9.31
number
-9
HexPrefab(Clone)
-10.5
hex
-10.5
diceChip
-10.81
number
-10.5
HexPrefab(Clone)
-12
hex
-12
diceChip
-12.31
number
-12
HexPrefab(Clone)
-13.5
hex
-13.5
diceChip
-13.81
number
-13.5
HexPrefab(Clone)
-15
hex
-15
diceChip
-15.31
number
-15
HexPrefab(Clone)
-16.5
hex
-16.5
diceChip
-16.81
number
-16.5
HexPrefab(Clone)
-3
hex
-3
diceChip
-3.31
number
-3
HexPrefab(Clone)
-4.5
hex
-4.5
diceChip
-4.81
number
-4.5
HexPrefab(Clone)
-6
hex
-6
diceChip
-6.31
number
-6
HexPrefab(Clone)
-7.5
hex
-7.5
diceChip
-7.81
number
-7.5
HexPrefab(Clone)
-9
hex
-9
diceChip
-9.31
number
-9
HexPrefab(Clone)
-10.5
hex
-10.5
diceChip
-10.81
number
-10.5
HexPrefab(Clone)
-12
hex
-12
diceChip
-12.31
number
-12
HexPrefab(Clone)
-13.5
hex
-13.5
diceChip
-13.81
number
-13.5
HexPrefab(Clone)
-15
hex
-15
diceChip
-15.31
number
-15
HexPrefab(Clone)
-16.5
hex
-16.5
diceChip
-16.81
number
-16.5
HexPrefab(Clone)
-3
hex
-3
diceChip
-3.31
number
-3
HexPrefab(Clone)
-4.5
hex
-4.5
diceChip
-4.81
number
-4.5
HexPrefab(Clone)
-6
hex
-6
diceChip
-6.31
number
-6
HexPrefab(Clone)
-7.5
hex
-7.5
diceChip
-7.81
number
-7.5
HexPrefab(Clone)
-9
hex
-9
diceChip
-9.31
number
-9
HexPrefab(Clone)
-10.5
hex
-10.5
diceChip
-10.81
number
-10.5
HexPrefab(Clone)
-12
hex
-12
diceChip
-12.31
number
-12
HexPrefab(Clone)
-13.5
hex
-13.5
diceChip
-13.81
number
-13.5
HexPrefab(Clone)
-15
hex
-15
diceChip
-15.31
number
-15
HexPrefab(Clone)
-3
hex
-3
diceChip
-3.31
number
-3
HexPrefab(Clone)
-4.5
hex
-4.5
diceChip
-4.81
number
-4.5
HexPrefab(Clone)
-6
hex
-6
diceChip
-6.31
number
-6
HexPrefab(Clone)
-7.5
hex
-7.5
diceChip
-7.81
number
-7.5
HexPrefab(Clone)
-9
hex
-9
diceChip
-9.31
number
-9
HexPrefab(Clone)
-10.5
hex
-10.5
diceChip
-10.81
number
-10.5
HexPrefab(Clone)
-12
hex
-12
diceChip
-12.31
number
-12
HexPrefab(Clone)
-3
hex
-3
diceChip
-3.31
number
-3
HexPrefab(Clone)
-4.5
hex
-4.5
diceChip
-4.81
number
-4.5
HexPrefab(Clone)
-6
hex
-6
diceChip
-6.31
number
-6
HexPrefab(Clone)
-7.5
hex
-7.5
diceChip
-7.81
number
-7.5
HexPrefab(Clone)
-9
hex
-9
diceChip
-9.31
number
-9
HexPrefab(Clone)
-1.5
hex
-1.5
diceChip
-1.81
number
-1.5
HexPrefab(Clone)
-3
hex
-3
diceChip
-3.31
number
-3
HexPrefab(Clone)
-4.5
hex
-4.5
diceChip
-4.81
number
-4.5
HexPrefab(Clone)
-6
hex
-6
diceChip
-6.31
number
-6
HexPrefab(Clone)
-1.5
hex
-1.5
diceChip
-1.81
number
-1.5
HexPrefab(Clone)
-3
hex
-3
diceChip
-3.31
number
-3
Lowest X:0
Lowest Y:-16.81
Highest Y:0
Higest X:27.71281
Plauer datachanged!
Drawing HUD!
player.name: DefaultPlayerName
player.hand.Count(): 1
Plauer datachanged!
Drawing HUD!
player.name: DefaultPlayerName
player.hand.Count(): 2
Plauer datachanged!
Drawing HUD!
player.name: DefaultPlayerName
player.hand.Count(): 3
Plauer datachanged!
Drawing HUD!
player.name: DefaultPlayerName
player.hand.Count(): 4
Plauer datachanged!
Drawing HUD!
player.name: DefaultPlayerName
player.hand.Count(): 5
Plauer datachanged!
Drawing HUD!
player.name: DefaultPlayerName
player.hand.Count(): 6
Plauer datachanged!
Drawing HUD!
player.name: DefaultPlayerName
player.hand.Count(): 7
Plauer datachanged!
Drawing HUD!
player.name: DefaultPlayerName
player.hand.Count(): 8
Plauer datachanged!
Drawing HUD!
player.name: DefaultPlayerName
player.hand.Count(): 9
Plauer datachanged!
Drawing HUD!
player.name: DefaultPlayerName
player.hand.Count(): 10
Plauer datachanged!
Drawing HUD!
player.name: DefaultPlayerName
player.hand.Count(): 11
Plauer datachanged!
Drawing HUD!
player.name: DefaultPlayerName
player.hand.Count(): 12
Plauer datachanged!
Drawing HUD!
player.name: DefaultPlayerName
player.hand.Count(): 13
Plauer datachanged!
Drawing HUD!
player.name: DefaultPlayerName
player.hand.Count(): 14
Plauer datachanged!
Drawing HUD!
player.name: DefaultPlayerName
player.hand.Count(): 15
Plauer datachanged!
Drawing HUD!
player.name: DefaultPlayerName
player.hand.Count(): 16
Plauer datachanged!
Drawing HUD!
player.name: DefaultPlayerName
player.hand.Count(): 17
Plauer datachanged!
Drawing HUD!
player.name: DefaultPlayerName
player.hand.Count(): 18
Plauer datachanged!
Drawing HUD!
player.name: DefaultPlayerName
player.hand.Count(): 19
Plauer datachanged!
Drawing HUD!
player.name: DefaultPlayerName
player.hand.Count(): 20
Plauer datachanged!
Drawing HUD!
player.name: DefaultPlayerName
player.hand.Count(): 21
Plauer datachanged!
Drawing HUD!
player.name: DefaultPlayerName
player.hand.Count(): 22
Plauer datachanged!
Drawing HUD!
player.name: DefaultPlayerName
player.hand.Count(): 23
Plauer datachanged!
Drawing HUD!
player.name: DefaultPlayerName
player.hand.Count(): 24
Plauer datachanged!
Drawing HUD!
player.name: DefaultPlayerName
player.hand.Count(): 25
TH1
Plauer datachanged!
Drawing HUD!
player.name: DefaultPlayerName
player.hand.Count(): 25
TH1
Plauer datachanged!
Drawing HUD!
player.name: DefaultPlayerName
player.hand.Count(): 25
TH1
The referenced script (Unknown) on this Behaviour is missing!
The referenced script on this Behaviour (Game Object 'TradeBasePrefab') is missing!
The referenced script on this Behaviour (Game Object 'TradeBasePrefab') is missing!
Plauer datachanged!
Drawing HUD!
player.name: DefaultPlayerName
player.hand.Count(): 25
Parent of RectTransform is being set with parent property. Consider using the SetParent method instead, with the worldPositionStays argument set to false. This will retain local orientation and scale rather than world orientation and scale, which can prevent common UI scaling issues.
Parent of RectTransform is being set with parent property. Consider using the SetParent method instead, with the worldPositionStays argument set to false. This will retain local orientation and scale rather than world orientation and scale, which can prevent common UI scaling issues.
Plauer datachanged!
Drawing HUD!
player.name: DefaultPlayerName
player.hand.Count(): 25
Plauer datachanged!
Drawing HUD!
player.name: DefaultPlayerName
player.hand.Count(): 25
Parent of RectTransform is being set with parent property. Consider using the SetParent method instead, with the worldPositionStays argument set to false. This will retain local orientation and scale rather than world orientation and scale, which can prevent common UI scaling issues.
]]></output>
          </test-case>
          <test-case id="1008" name="TestEncounterCard12_yes_and_rolled_2" fullname="Tests.Example.TestEncounterCard12_yes_and_rolled_2" methodname="TestEncounterCard12_yes_and_rolled_2" classname="Tests.Example" runstate="Runnable" seed="1755134587" result="Passed" start-time="2021-04-18 09:09:19Z" end-time="2021-04-18 09:09:20Z" duration="1.118756" asserts="0">
            <properties>
              <property name="_JOINTYPE" value="UnityCombinatorial" />
            </properties>
            <output><![CDATA[Parent of RectTransform is being set with parent property. Consider using the SetParent method instead, with the worldPositionStays argument set to false. This will retain local orientation and scale rather than world orientation and scale, which can prevent common UI scaling issues.
Parent of RectTransform is being set with parent property. Consider using the SetParent method instead, with the worldPositionStays argument set to false. This will retain local orientation and scale rather than world orientation and scale, which can prevent common UI scaling issues.
Parent of RectTransform is being set with parent property. Consider using the SetParent method instead, with the worldPositionStays argument set to false. This will retain local orientation and scale rather than world orientation and scale, which can prevent common UI scaling issues.
Parent of RectTransform is being set with parent property. Consider using the SetParent method instead, with the worldPositionStays argument set to false. This will retain local orientation and scale rather than world orientation and scale, which can prevent common UI scaling issues.
Parent of RectTransform is being set with parent property. Consider using the SetParent method instead, with the worldPositionStays argument set to false. This will retain local orientation and scale rather than world orientation and scale, which can prevent common UI scaling issues.
Parent of RectTransform is being set with parent property. Consider using the SetParent method instead, with the worldPositionStays argument set to false. This will retain local orientation and scale rather than world orientation and scale, which can prevent common UI scaling issues.
Parent of RectTransform is being set with parent property. Consider using the SetParent method instead, with the worldPositionStays argument set to false. This will retain local orientation and scale rather than world orientation and scale, which can prevent common UI scaling issues.
Parent of RectTransform is being set with parent property. Consider using the SetParent method instead, with the worldPositionStays argument set to false. This will retain local orientation and scale rather than world orientation and scale, which can prevent common UI scaling issues.
Parent of RectTransform is being set with parent property. Consider using the SetParent method instead, with the worldPositionStays argument set to false. This will retain local orientation and scale rather than world orientation and scale, which can prevent common UI scaling issues.
Parent of RectTransform is being set with parent property. Consider using the SetParent method instead, with the worldPositionStays argument set to false. This will retain local orientation and scale rather than world orientation and scale, which can prevent common UI scaling issues.
Parent of RectTransform is being set with parent property. Consider using the SetParent method instead, with the worldPositionStays argument set to false. This will retain local orientation and scale rather than world orientation and scale, which can prevent common UI scaling issues.
Parent of RectTransform is being set with parent property. Consider using the SetParent method instead, with the worldPositionStays argument set to false. This will retain local orientation and scale rather than world orientation and scale, which can prevent common UI scaling issues.
Parent of RectTransform is being set with parent property. Consider using the SetParent method instead, with the worldPositionStays argument set to false. This will retain local orientation and scale rather than world orientation and scale, which can prevent common UI scaling issues.
Parent of RectTransform is being set with parent property. Consider using the SetParent method instead, with the worldPositionStays argument set to false. This will retain local orientation and scale rather than world orientation and scale, which can prevent common UI scaling issues.
Parent of RectTransform is being set with parent property. Consider using the SetParent method instead, with the worldPositionStays argument set to false. This will retain local orientation and scale rather than world orientation and scale, which can prevent common UI scaling issues.
Parent of RectTransform is being set with parent property. Consider using the SetParent method instead, with the worldPositionStays argument set to false. This will retain local orientation and scale rather than world orientation and scale, which can prevent common UI scaling issues.
Playername: DefaultPlayerName
Drawing HUD!
player.name: DefaultPlayerName
player.hand.Count(): 0
main player index: 0
num players: 2
num indizes: 1
Parent of RectTransform is being set with parent property. Consider using the SetParent method instead, with the worldPositionStays argument set to false. This will retain local orientation and scale rather than world orientation and scale, which can prevent common UI scaling issues.
Map
0
TileGroupRenderer
0
HexPrefab(Clone)
-15
hex
-15
diceChip
-15.31
number
-15
HexPrefab(Clone)
-12
hex
-12
diceChip
-12.31
number
-12
HexPrefab(Clone)
-13.5
hex
-13.5
diceChip
-13.81
number
-13.5
HexPrefab(Clone)
-15
hex
-15
diceChip
-15.31
number
-15
HexPrefab(Clone)
-9
hex
-9
diceChip
-9.31
number
-9
HexPrefab(Clone)
-10.5
hex
-10.5
diceChip
-10.81
number
-10.5
HexPrefab(Clone)
-12
hex
-12
diceChip
-12.31
number
-12
HexPrefab(Clone)
-13.5
hex
-13.5
diceChip
-13.81
number
-13.5
HexPrefab(Clone)
-15
hex
-15
diceChip
-15.31
number
-15
HexPrefab(Clone)
-6
hex
-6
diceChip
-6.31
number
-6
HexPrefab(Clone)
-7.5
hex
-7.5
diceChip
-7.81
number
-7.5
HexPrefab(Clone)
-9
hex
-9
diceChip
-9.31
number
-9
HexPrefab(Clone)
-10.5
hex
-10.5
diceChip
-10.81
number
-10.5
HexPrefab(Clone)
-12
hex
-12
diceChip
-12.31
number
-12
HexPrefab(Clone)
-13.5
hex
-13.5
diceChip
-13.81
number
-13.5
HexPrefab(Clone)
-15
hex
-15
diceChip
-15.31
number
-15
HexPrefab(Clone)
-3
hex
-3
diceChip
-3.31
number
-3
HexPrefab(Clone)
-4.5
hex
-4.5
diceChip
-4.81
number
-4.5
HexPrefab(Clone)
-6
hex
-6
diceChip
-6.31
number
-6
HexPrefab(Clone)
-7.5
hex
-7.5
diceChip
-7.81
number
-7.5
HexPrefab(Clone)
-9
hex
-9
diceChip
-9.31
number
-9
HexPrefab(Clone)
-10.5
hex
-10.5
diceChip
-10.81
number
-10.5
HexPrefab(Clone)
-12
hex
-12
diceChip
-12.31
number
-12
HexPrefab(Clone)
-13.5
hex
-13.5
diceChip
-13.81
number
-13.5
HexPrefab(Clone)
-15
hex
-15
diceChip
-15.31
number
-15
HexPrefab(Clone)
-3
hex
-3
diceChip
-3.31
number
-3
HexPrefab(Clone)
-4.5
hex
-4.5
diceChip
-4.81
number
-4.5
HexPrefab(Clone)
-6
hex
-6
diceChip
-6.31
number
-6
HexPrefab(Clone)
-7.5
hex
-7.5
diceChip
-7.81
number
-7.5
HexPrefab(Clone)
-9
hex
-9
diceChip
-9.31
number
-9
HexPrefab(Clone)
-10.5
hex
-10.5
diceChip
-10.81
number
-10.5
HexPrefab(Clone)
-12
hex
-12
diceChip
-12.31
number
-12
HexPrefab(Clone)
-13.5
hex
-13.5
diceChip
-13.81
number
-13.5
HexPrefab(Clone)
-15
hex
-15
diceChip
-15.31
number
-15
HexPrefab(Clone)
-3
hex
-3
diceChip
-3.31
number
-3
HexPrefab(Clone)
-4.5
hex
-4.5
diceChip
-4.81
number
-4.5
HexPrefab(Clone)
-6
hex
-6
diceChip
-6.31
number
-6
HexPrefab(Clone)
-7.5
hex
-7.5
diceChip
-7.81
number
-7.5
HexPrefab(Clone)
-9
hex
-9
diceChip
-9.31
number
-9
HexPrefab(Clone)
-10.5
hex
-10.5
diceChip
-10.81
number
-10.5
HexPrefab(Clone)
-12
hex
-12
diceChip
-12.31
number
-12
HexPrefab(Clone)
-13.5
hex
-13.5
diceChip
-13.81
number
-13.5
HexPrefab(Clone)
-15
hex
-15
diceChip
-15.31
number
-15
TradeStationDockingPoint(Clone)
-15
Cylinder
-15
TradeStationDockingPoint(Clone)
-14.52447
Cylinder
-14.52447
TradeStationDockingPoint(Clone)
-14.70611
Cylinder
-14.70611
TradeStationDockingPoint(Clone)
-15.29389
Cylinder
-15.29389
TradeStationDockingPoint(Clone)
-15.47553
Cylinder
-15.47553
HexPrefab(Clone)
-3
hex
-3
diceChip
-3.31
number
-3
HexPrefab(Clone)
-4.5
hex
-4.5
diceChip
-4.81
number
-4.5
HexPrefab(Clone)
-6
hex
-6
diceChip
-6.31
number
-6
HexPrefab(Clone)
-7.5
hex
-7.5
diceChip
-7.81
number
-7.5
HexPrefab(Clone)
-9
hex
-9
diceChip
-9.31
number
-9
TradeStationDockingPoint(Clone)
-9
Cylinder
-9
TradeStationDockingPoint(Clone)
-8.524471
Cylinder
-8.524471
TradeStationDockingPoint(Clone)
-8.706107
Cylinder
-8.706107
TradeStationDockingPoint(Clone)
-9.293893
Cylinder
-9.293893
TradeStationDockingPoint(Clone)
-9.475529
Cylinder
-9.475529
HexPrefab(Clone)
-10.5
hex
-10.5
diceChip
-10.81
number
-10.5
HexPrefab(Clone)
-12
hex
-12
diceChip
-12.31
number
-12
HexPrefab(Clone)
-13.5
hex
-13.5
diceChip
-13.81
number
-13.5
HexPrefab(Clone)
-15
hex
-15
diceChip
-15.31
number
-15
HexPrefab(Clone)
-3
hex
-3
diceChip
-3.31
number
-3
HexPrefab(Clone)
-4.5
hex
-4.5
diceChip
-4.81
number
-4.5
HexPrefab(Clone)
-6
hex
-6
diceChip
-6.31
number
-6
HexPrefab(Clone)
-7.5
hex
-7.5
diceChip
-7.81
number
-7.5
HexPrefab(Clone)
-9
hex
-9
diceChip
-9.31
number
-9
HexPrefab(Clone)
-10.5
hex
-10.5
diceChip
-10.81
number
-10.5
HexPrefab(Clone)
-12
hex
-12
diceChip
-12.31
number
-12
HexPrefab(Clone)
-13.5
hex
-13.5
diceChip
-13.81
number
-13.5
HexPrefab(Clone)
-15
hex
-15
diceChip
-15.31
number
-15
HexPrefab(Clone)
-3
hex
-3
diceChip
-3.31
number
-3
HexPrefab(Clone)
-4.5
hex
-4.5
diceChip
-4.81
number
-4.5
HexPrefab(Clone)
-6
hex
-6
diceChip
-6.31
number
-6
HexPrefab(Clone)
-7.5
hex
-7.5
diceChip
-7.81
number
-7.5
HexPrefab(Clone)
-9
hex
-9
diceChip
-9.31
number
-9
HexPrefab(Clone)
-10.5
hex
-10.5
diceChip
-10.81
number
-10.5
HexPrefab(Clone)
-12
hex
-12
diceChip
-12.31
number
-12
HexPrefab(Clone)
-13.5
hex
-13.5
diceChip
-13.81
number
-13.5
HexPrefab(Clone)
-15
hex
-15
diceChip
-15.31
number
-15
HexPrefab(Clone)
-3
hex
-3
diceChip
-3.31
number
-3
HexPrefab(Clone)
-4.5
hex
-4.5
diceChip
-4.81
number
-4.5
HexPrefab(Clone)
-6
hex
-6
diceChip
-6.31
number
-6
HexPrefab(Clone)
-7.5
hex
-7.5
diceChip
-7.81
number
-7.5
HexPrefab(Clone)
-9
hex
-9
diceChip
-9.31
number
-9
TradeStationDockingPoint(Clone)
-9
Cylinder
-9
TradeStationDockingPoint(Clone)
-8.524471
Cylinder
-8.524471
TradeStationDockingPoint(Clone)
-8.706107
Cylinder
-8.706107
TradeStationDockingPoint(Clone)
-9.293893
Cylinder
-9.293893
TradeStationDockingPoint(Clone)
-9.475529
Cylinder
-9.475529
HexPrefab(Clone)
-10.5
hex
-10.5
diceChip
-10.81
number
-10.5
HexPrefab(Clone)
-12
hex
-12
diceChip
-12.31
number
-12
HexPrefab(Clone)
-13.5
hex
-13.5
diceChip
-13.81
number
-13.5
HexPrefab(Clone)
-15
hex
-15
diceChip
-15.31
number
-15
TradeStationDockingPoint(Clone)
-15
Cylinder
-15
TradeStationDockingPoint(Clone)
-14.52447
Cylinder
-14.52447
TradeStationDockingPoint(Clone)
-14.70611
Cylinder
-14.70611
TradeStationDockingPoint(Clone)
-15.29389
Cylinder
-15.29389
TradeStationDockingPoint(Clone)
-15.47553
Cylinder
-15.47553
HexPrefab(Clone)
-3
hex
-3
diceChip
-3.31
number
-3
HexPrefab(Clone)
-4.5
hex
-4.5
diceChip
-4.81
number
-4.5
HexPrefab(Clone)
-6
hex
-6
diceChip
-6.31
number
-6
HexPrefab(Clone)
-7.5
hex
-7.5
diceChip
-7.81
number
-7.5
HexPrefab(Clone)
-9
hex
-9
diceChip
-9.31
number
-9
HexPrefab(Clone)
-10.5
hex
-10.5
diceChip
-10.81
number
-10.5
HexPrefab(Clone)
-12
hex
-12
diceChip
-12.31
number
-12
HexPrefab(Clone)
-13.5
hex
-13.5
diceChip
-13.81
number
-13.5
HexPrefab(Clone)
-15
hex
-15
diceChip
-15.31
number
-15
HexPrefab(Clone)
-3
hex
-3
diceChip
-3.31
number
-3
HexPrefab(Clone)
-4.5
hex
-4.5
diceChip
-4.81
number
-4.5
HexPrefab(Clone)
-6
hex
-6
diceChip
-6.31
number
-6
HexPrefab(Clone)
-7.5
hex
-7.5
diceChip
-7.81
number
-7.5
HexPrefab(Clone)
-9
hex
-9
diceChip
-9.31
number
-9
HexPrefab(Clone)
-10.5
hex
-10.5
diceChip
-10.81
number
-10.5
HexPrefab(Clone)
-12
hex
-12
diceChip
-12.31
number
-12
HexPrefab(Clone)
-13.5
hex
-13.5
diceChip
-13.81
number
-13.5
HexPrefab(Clone)
-15
hex
-15
diceChip
-15.31
number
-15
HexPrefab(Clone)
-16.5
hex
-16.5
diceChip
-16.81
number
-16.5
HexPrefab(Clone)
-3
hex
-3
diceChip
-3.31
number
-3
HexPrefab(Clone)
-4.5
hex
-4.5
diceChip
-4.81
number
-4.5
HexPrefab(Clone)
-6
hex
-6
diceChip
-6.31
number
-6
HexPrefab(Clone)
-7.5
hex
-7.5
diceChip
-7.81
number
-7.5
HexPrefab(Clone)
-9
hex
-9
diceChip
-9.31
number
-9
HexPrefab(Clone)
-10.5
hex
-10.5
diceChip
-10.81
number
-10.5
HexPrefab(Clone)
-12
hex
-12
diceChip
-12.31
number
-12
HexPrefab(Clone)
-13.5
hex
-13.5
diceChip
-13.81
number
-13.5
HexPrefab(Clone)
-15
hex
-15
diceChip
-15.31
number
-15
HexPrefab(Clone)
-16.5
hex
-16.5
diceChip
-16.81
number
-16.5
HexPrefab(Clone)
-3
hex
-3
diceChip
-3.31
number
-3
HexPrefab(Clone)
-4.5
hex
-4.5
diceChip
-4.81
number
-4.5
HexPrefab(Clone)
-6
hex
-6
diceChip
-6.31
number
-6
HexPrefab(Clone)
-7.5
hex
-7.5
diceChip
-7.81
number
-7.5
HexPrefab(Clone)
-9
hex
-9
diceChip
-9.31
number
-9
HexPrefab(Clone)
-10.5
hex
-10.5
diceChip
-10.81
number
-10.5
HexPrefab(Clone)
-12
hex
-12
diceChip
-12.31
number
-12
HexPrefab(Clone)
-13.5
hex
-13.5
diceChip
-13.81
number
-13.5
HexPrefab(Clone)
-15
hex
-15
diceChip
-15.31
number
-15
HexPrefab(Clone)
-3
hex
-3
diceChip
-3.31
number
-3
HexPrefab(Clone)
-4.5
hex
-4.5
diceChip
-4.81
number
-4.5
HexPrefab(Clone)
-6
hex
-6
diceChip
-6.31
number
-6
HexPrefab(Clone)
-7.5
hex
-7.5
diceChip
-7.81
number
-7.5
HexPrefab(Clone)
-9
hex
-9
diceChip
-9.31
number
-9
HexPrefab(Clone)
-10.5
hex
-10.5
diceChip
-10.81
number
-10.5
HexPrefab(Clone)
-12
hex
-12
diceChip
-12.31
number
-12
HexPrefab(Clone)
-3
hex
-3
diceChip
-3.31
number
-3
HexPrefab(Clone)
-4.5
hex
-4.5
diceChip
-4.81
number
-4.5
HexPrefab(Clone)
-6
hex
-6
diceChip
-6.31
number
-6
HexPrefab(Clone)
-7.5
hex
-7.5
diceChip
-7.81
number
-7.5
HexPrefab(Clone)
-9
hex
-9
diceChip
-9.31
number
-9
HexPrefab(Clone)
-1.5
hex
-1.5
diceChip
-1.81
number
-1.5
HexPrefab(Clone)
-3
hex
-3
diceChip
-3.31
number
-3
HexPrefab(Clone)
-4.5
hex
-4.5
diceChip
-4.81
number
-4.5
HexPrefab(Clone)
-6
hex
-6
diceChip
-6.31
number
-6
HexPrefab(Clone)
-1.5
hex
-1.5
diceChip
-1.81
number
-1.5
HexPrefab(Clone)
-3
hex
-3
diceChip
-3.31
number
-3
Lowest X:0
Lowest Y:-16.81
Highest Y:0
Higest X:27.71281
Plauer datachanged!
Drawing HUD!
player.name: DefaultPlayerName
player.hand.Count(): 1
Plauer datachanged!
Drawing HUD!
player.name: DefaultPlayerName
player.hand.Count(): 2
Plauer datachanged!
Drawing HUD!
player.name: DefaultPlayerName
player.hand.Count(): 3
Plauer datachanged!
Drawing HUD!
player.name: DefaultPlayerName
player.hand.Count(): 4
Plauer datachanged!
Drawing HUD!
player.name: DefaultPlayerName
player.hand.Count(): 5
Plauer datachanged!
Drawing HUD!
player.name: DefaultPlayerName
player.hand.Count(): 6
Plauer datachanged!
Drawing HUD!
player.name: DefaultPlayerName
player.hand.Count(): 7
Plauer datachanged!
Drawing HUD!
player.name: DefaultPlayerName
player.hand.Count(): 8
Plauer datachanged!
Drawing HUD!
player.name: DefaultPlayerName
player.hand.Count(): 9
Plauer datachanged!
Drawing HUD!
player.name: DefaultPlayerName
player.hand.Count(): 10
Plauer datachanged!
Drawing HUD!
player.name: DefaultPlayerName
player.hand.Count(): 11
Plauer datachanged!
Drawing HUD!
player.name: DefaultPlayerName
player.hand.Count(): 12
Plauer datachanged!
Drawing HUD!
player.name: DefaultPlayerName
player.hand.Count(): 13
Plauer datachanged!
Drawing HUD!
player.name: DefaultPlayerName
player.hand.Count(): 14
Plauer datachanged!
Drawing HUD!
player.name: DefaultPlayerName
player.hand.Count(): 15
Plauer datachanged!
Drawing HUD!
player.name: DefaultPlayerName
player.hand.Count(): 16
Plauer datachanged!
Drawing HUD!
player.name: DefaultPlayerName
player.hand.Count(): 17
Plauer datachanged!
Drawing HUD!
player.name: DefaultPlayerName
player.hand.Count(): 18
Plauer datachanged!
Drawing HUD!
player.name: DefaultPlayerName
player.hand.Count(): 19
Plauer datachanged!
Drawing HUD!
player.name: DefaultPlayerName
player.hand.Count(): 20
Plauer datachanged!
Drawing HUD!
player.name: DefaultPlayerName
player.hand.Count(): 21
Plauer datachanged!
Drawing HUD!
player.name: DefaultPlayerName
player.hand.Count(): 22
Plauer datachanged!
Drawing HUD!
player.name: DefaultPlayerName
player.hand.Count(): 23
Plauer datachanged!
Drawing HUD!
player.name: DefaultPlayerName
player.hand.Count(): 24
Plauer datachanged!
Drawing HUD!
player.name: DefaultPlayerName
player.hand.Count(): 25
TH1
Plauer datachanged!
Drawing HUD!
player.name: DefaultPlayerName
player.hand.Count(): 25
TH1
Plauer datachanged!
Drawing HUD!
player.name: DefaultPlayerName
player.hand.Count(): 25
TH1
The referenced script (Unknown) on this Behaviour is missing!
The referenced script on this Behaviour (Game Object 'TradeBasePrefab') is missing!
The referenced script on this Behaviour (Game Object 'TradeBasePrefab') is missing!
Plauer datachanged!
Drawing HUD!
player.name: DefaultPlayerName
player.hand.Count(): 25
Parent of RectTransform is being set with parent property. Consider using the SetParent method instead, with the worldPositionStays argument set to false. This will retain local orientation and scale rather than world orientation and scale, which can prevent common UI scaling issues.
Parent of RectTransform is being set with parent property. Consider using the SetParent method instead, with the worldPositionStays argument set to false. This will retain local orientation and scale rather than world orientation and scale, which can prevent common UI scaling issues.
Plauer datachanged!
Drawing HUD!
player.name: DefaultPlayerName
player.hand.Count(): 25
Plauer datachanged!
Drawing HUD!
player.name: DefaultPlayerName
player.hand.Count(): 25
Parent of RectTransform is being set with parent property. Consider using the SetParent method instead, with the worldPositionStays argument set to false. This will retain local orientation and scale rather than world orientation and scale, which can prevent common UI scaling issues.
]]></output>
          </test-case>
          <test-case id="1009" name="TestEncounterCard12_yes_and_rolled_3" fullname="Tests.Example.TestEncounterCard12_yes_and_rolled_3" methodname="TestEncounterCard12_yes_and_rolled_3" classname="Tests.Example" runstate="Runnable" seed="2092130174" result="Passed" start-time="2021-04-18 09:09:20Z" end-time="2021-04-18 09:09:21Z" duration="1.128276" asserts="0">
            <properties>
              <property name="_JOINTYPE" value="UnityCombinatorial" />
            </properties>
            <output><![CDATA[Parent of RectTransform is being set with parent property. Consider using the SetParent method instead, with the worldPositionStays argument set to false. This will retain local orientation and scale rather than world orientation and scale, which can prevent common UI scaling issues.
Parent of RectTransform is being set with parent property. Consider using the SetParent method instead, with the worldPositionStays argument set to false. This will retain local orientation and scale rather than world orientation and scale, which can prevent common UI scaling issues.
Parent of RectTransform is being set with parent property. Consider using the SetParent method instead, with the worldPositionStays argument set to false. This will retain local orientation and scale rather than world orientation and scale, which can prevent common UI scaling issues.
Parent of RectTransform is being set with parent property. Consider using the SetParent method instead, with the worldPositionStays argument set to false. This will retain local orientation and scale rather than world orientation and scale, which can prevent common UI scaling issues.
Parent of RectTransform is being set with parent property. Consider using the SetParent method instead, with the worldPositionStays argument set to false. This will retain local orientation and scale rather than world orientation and scale, which can prevent common UI scaling issues.
Parent of RectTransform is being set with parent property. Consider using the SetParent method instead, with the worldPositionStays argument set to false. This will retain local orientation and scale rather than world orientation and scale, which can prevent common UI scaling issues.
Parent of RectTransform is being set with parent property. Consider using the SetParent method instead, with the worldPositionStays argument set to false. This will retain local orientation and scale rather than world orientation and scale, which can prevent common UI scaling issues.
Parent of RectTransform is being set with parent property. Consider using the SetParent method instead, with the worldPositionStays argument set to false. This will retain local orientation and scale rather than world orientation and scale, which can prevent common UI scaling issues.
Parent of RectTransform is being set with parent property. Consider using the SetParent method instead, with the worldPositionStays argument set to false. This will retain local orientation and scale rather than world orientation and scale, which can prevent common UI scaling issues.
Parent of RectTransform is being set with parent property. Consider using the SetParent method instead, with the worldPositionStays argument set to false. This will retain local orientation and scale rather than world orientation and scale, which can prevent common UI scaling issues.
Parent of RectTransform is being set with parent property. Consider using the SetParent method instead, with the worldPositionStays argument set to false. This will retain local orientation and scale rather than world orientation and scale, which can prevent common UI scaling issues.
Parent of RectTransform is being set with parent property. Consider using the SetParent method instead, with the worldPositionStays argument set to false. This will retain local orientation and scale rather than world orientation and scale, which can prevent common UI scaling issues.
Parent of RectTransform is being set with parent property. Consider using the SetParent method instead, with the worldPositionStays argument set to false. This will retain local orientation and scale rather than world orientation and scale, which can prevent common UI scaling issues.
Parent of RectTransform is being set with parent property. Consider using the SetParent method instead, with the worldPositionStays argument set to false. This will retain local orientation and scale rather than world orientation and scale, which can prevent common UI scaling issues.
Parent of RectTransform is being set with parent property. Consider using the SetParent method instead, with the worldPositionStays argument set to false. This will retain local orientation and scale rather than world orientation and scale, which can prevent common UI scaling issues.
Parent of RectTransform is being set with parent property. Consider using the SetParent method instead, with the worldPositionStays argument set to false. This will retain local orientation and scale rather than world orientation and scale, which can prevent common UI scaling issues.
Playername: DefaultPlayerName
Drawing HUD!
player.name: DefaultPlayerName
player.hand.Count(): 0
main player index: 0
num players: 2
num indizes: 1
Parent of RectTransform is being set with parent property. Consider using the SetParent method instead, with the worldPositionStays argument set to false. This will retain local orientation and scale rather than world orientation and scale, which can prevent common UI scaling issues.
Map
0
TileGroupRenderer
0
[...]
-3.31
number
-3
HexPrefab(Clone)
-4.5
hex
-4.5
diceChip
-4.81
number
-4.5
HexPrefab(Clone)
-6
hex
-6
diceChip
-6.31
number
-6
HexPrefab(Clone)
-7.5
hex
-7.5
diceChip
-7.81
number
-7.5
HexPrefab(Clone)
-9
hex
-9
diceChip
-9.31
number
-9
HexPrefab(Clone)
-10.5
hex
-10.5
diceChip
-10.81
number
-10.5
HexPrefab(Clone)
-12
hex
-12
diceChip
-12.31
number
-12
HexPrefab(Clone)
-13.5
hex
-13.5
diceChip
-13.81
number
-13.5
HexPrefab(Clone)
-15
hex
-15
diceChip
-15.31
number
-15
HexPrefab(Clone)
-3
hex
-3
diceChip
-3.31
number
-3
HexPrefab(Clone)
-4.5
hex
-4.5
diceChip
-4.81
number
-4.5
HexPrefab(Clone)
-6
hex
-6
diceChip
-6.31
number
-6
HexPrefab(Clone)
-7.5
hex
-7.5
diceChip
-7.81
number
-7.5
HexPrefab(Clone)
-9
hex
-9
diceChip
-9.31
number
-9
HexPrefab(Clone)
-10.5
hex
-10.5
diceChip
-10.81
number
-10.5
HexPrefab(Clone)
-12
hex
-12
diceChip
-12.31
number
-12
HexPrefab(Clone)
-13.5
hex
-13.5
diceChip
-13.81
number
-13.5
HexPrefab(Clone)
-15
hex
-15
diceChip
-15.31
number
-15
HexPrefab(Clone)
-3
hex
-3
diceChip
-3.31
number
-3
HexPrefab(Clone)
-4.5
hex
-4.5
diceChip
-4.81
number
-4.5
HexPrefab(Clone)
-6
hex
-6
diceChip
-6.31
number
-6
HexPrefab(Clone)
-7.5
hex
-7.5
diceChip
-7.81
number
-7.5
HexPrefab(Clone)
-9
hex
-9
diceChip
-9.31
number
-9
HexPrefab(Clone)
-10.5
hex
-10.5
diceChip
-10.81
number
-10.5
HexPrefab(Clone)
-12
hex
-12
diceChip
-12.31
number
-12
HexPrefab(Clone)
-13.5
hex
-13.5
diceChip
-13.81
number
-13.5
HexPrefab(Clone)
-15
hex
-15
diceChip
-15.31
number
-15
TradeStationDockingPoint(Clone)
-15
Cylinder
-15
TradeStationDockingPoint(Clone)
-14.52447
Cylinder
-14.52447
TradeStationDockingPoint(Clone)
-14.70611
Cylinder
-14.70611
TradeStationDockingPoint(Clone)
-15.29389
Cylinder
-15.29389
TradeStationDockingPoint(Clone)
-15.47553
Cylinder
-15.47553
HexPrefab(Clone)
-3
hex
-3
diceChip
-3.31
number
-3
HexPrefab(Clone)
-4.5
hex
-4.5
diceChip
-4.81
number
-4.5
HexPrefab(Clone)
-6
hex
-6
diceChip
-6.31
number
-6
HexPrefab(Clone)
-7.5
hex
-7.5
diceChip
-7.81
number
-7.5
HexPrefab(Clone)
-9
hex
-9
diceChip
-9.31
number
-9
TradeStationDockingPoint(Clone)
-9
Cylinder
-9
TradeStationDockingPoint(Clone)
-8.524471
Cylinder
-8.524471
TradeStationDockingPoint(Clone)
-8.706107
Cylinder
-8.706107
TradeStationDockingPoint(Clone)
-9.293893
Cylinder
-9.293893
TradeStationDockingPoint(Clone)
-9.475529
Cylinder
-9.475529
HexPrefab(Clone)
-10.5
hex
-10.5
diceChip
-10.81
number
-10.5
HexPrefab(Clone)
-12
hex
-12
diceChip
-12.31
number
-12
HexPrefab(Clone)
-13.5
hex
-13.5
diceChip
-13.81
number
-13.5
HexPrefab(Clone)
-15
hex
-15
diceChip
-15.31
number
-15
HexPrefab(Clone)
-3
hex
-3
diceChip
-3.31
number
-3
HexPrefab(Clone)
-4.5
hex
-4.5
diceChip
-4.81
number
-4.5
HexPrefab(Clone)
-6
hex
-6
diceChip
-6.31
number
-6
HexPrefab(Clone)
-7.5
hex
-7.5
diceChip
-7.81
number
-7.5
HexPrefab(Clone)
-9
hex
-9
diceChip
-9.31
number
-9
HexPrefab(Clone)
-10.5
hex
-10.5
diceChip
-10.81
number
-10.5
HexPrefab(Clone)
-12
hex
-12
diceChip
-12.31
number
-12
HexPrefab(Clone)
-13.5
hex
-13.5
diceChip
-13.81
number
-13.5
HexPrefab(Clone)
-15
hex
-15
diceChip
-15.31
number
-15
HexPrefab(Clone)
-3
hex
-3
diceChip
-3.31
number
-3
HexPrefab(Clone)
-4.5
hex
-4.5
diceChip
-4.81
number
-4.5
HexPrefab(Clone)
-6
hex
-6
diceChip
-6.31
number
-6
HexPrefab(Clone)
-7.5
hex
-7.5
diceChip
-7.81
number
-7.5
HexPrefab(Clone)
-9
hex
-9
diceChip
-9.31
number
-9
HexPrefab(Clone)
-10.5
hex
-10.5
diceChip
-10.81
number
-10.5
HexPrefab(Clone)
-12
hex
-12
diceChip
-12.31
number
-12
HexPrefab(Clone)
-13.5
hex
-13.5
diceChip
-13.81
number
-13.5
HexPrefab(Clone)
-15
hex
-15
diceChip
-15.31
number
-15
HexPrefab(Clone)
-3
hex
-3
diceChip
-3.31
number
-3
HexPrefab(Clone)
-4.5
hex
-4.5
diceChip
-4.81
number
-4.5
HexPrefab(Clone)
-6
hex
-6
diceChip
-6.31
number
-6
HexPrefab(Clone)
-7.5
hex
-7.5
diceChip
-7.81
number
-7.5
HexPrefab(Clone)
-9
hex
-9
diceChip
-9.31
number
-9
TradeStationDockingPoint(Clone)
-9
Cylinder
-9
TradeStationDockingPoint(Clone)
-8.524471
Cylinder
-8.524471
TradeStationDockingPoint(Clone)
-8.706107
Cylinder
-8.706107
TradeStationDockingPoint(Clone)
-9.293893
Cylinder
-9.293893
TradeStationDockingPoint(Clone)
-9.475529
Cylinder
-9.475529
HexPrefab(Clone)
-10.5
hex
-10.5
diceChip
-10.81
number
-10.5
HexPrefab(Clone)
-12
hex
-12
diceChip
-12.31
number
-12
HexPrefab(Clone)
-13.5
hex
-13.5
diceChip
-13.81
number
-13.5
HexPrefab(Clone)
-15
hex
-15
diceChip
-15.31
number
-15
TradeStationDockingPoint(Clone)
-15
Cylinder
-15
TradeStationDockingPoint(Clone)
-14.52447
Cylinder
-14.52447
TradeStationDockingPoint(Clone)
-14.70611
Cylinder
-14.70611
TradeStationDockingPoint(Clone)
-15.29389
Cylinder
-15.29389
TradeStationDockingPoint(Clone)
-15.47553
Cylinder
-15.47553
HexPrefab(Clone)
-3
hex
-3
diceChip
-3.31
number
-3
HexPrefab(Clone)
-4.5
hex
-4.5
diceChip
-4.81
number
-4.5
HexPrefab(Clone)
-6
hex
-6
diceChip
-6.31
number
-6
HexPrefab(Clone)
-7.5
hex
-7.5
diceChip
-7.81
number
-7.5
HexPrefab(Clone)
-9
hex
-9
diceChip
-9.31
number
-9
HexPrefab(Clone)
-10.5
hex
-10.5
diceChip
-10.81
number
-10.5
HexPrefab(Clone)
-12
hex
-12
diceChip
-12.31
number
-12
HexPrefab(Clone)
-13.5
hex
-13.5
diceChip
-13.81
number
-13.5
HexPrefab(Clone)
-15
hex
-15
diceChip
-15.31
number
-15
HexPrefab(Clone)
-3
hex
-3
diceChip
-3.31
number
-3
HexPrefab(Clone)
-4.5
hex
-4.5
diceChip
-4.81
number
-4.5
HexPrefab(Clone)
-6
hex
-6
diceChip
-6.31
number
-6
HexPrefab(Clone)
-7.5
hex
-7.5
diceChip
-7.81
number
-7.5
HexPrefab(Clone)
-9
hex
-9
diceChip
-9.31
number
-9
HexPrefab(Clone)
-10.5
hex
-10.5
diceChip
-10.81
number
-10.5
HexPrefab(Clone)
-12
hex
-12
diceChip
-12.31
number
-12
HexPrefab(Clone)
-13.5
hex
-13.5
diceChip
-13.81
number
-13.5
HexPrefab(Clone)
-15
hex
-15
diceChip
-15.31
number
-15
HexPrefab(Clone)
-16.5
hex
-16.5
diceChip
-16.81
number
-16.5
HexPrefab(Clone)
-3
hex
-3
diceChip
-3.31
number
-3
HexPrefab(Clone)
-4.5
hex
-4.5
diceChip
-4.81
number
-4.5
HexPrefab(Clone)
-6
hex
-6
diceChip
-6.31
number
-6
HexPrefab(Clone)
-7.5
hex
-7.5
diceChip
-7.81
number
-7.5
HexPrefab(Clone)
-9
hex
-9
diceChip
-9.31
number
-9
HexPrefab(Clone)
-10.5
hex
-10.5
diceChip
-10.81
number
-10.5
HexPrefab(Clone)
-12
hex
-12
diceChip
-12.31
number
-12
HexPrefab(Clone)
-13.5
hex
-13.5
diceChip
-13.81
number
-13.5
HexPrefab(Clone)
-15
hex
-15
diceChip
-15.31
number
-15
HexPrefab(Clone)
-16.5
hex
-16.5
diceChip
-16.81
number
-16.5
HexPrefab(Clone)
-3
hex
-3
diceChip
-3.31
number
-3
HexPrefab(Clone)
-4.5
hex
-4.5
diceChip
-4.81
number
-4.5
HexPrefab(Clone)
-6
hex
-6
diceChip
-6.31
number
-6
HexPrefab(Clone)
-7.5
hex
-7.5
diceChip
-7.81
number
-7.5
HexPrefab(Clone)
-9
hex
-9
diceChip
-9.31
number
-9
HexPrefab(Clone)
-10.5
hex
-10.5
diceChip
-10.81
number
-10.5
HexPrefab(Clone)
-12
hex
-12
diceChip
-12.31
number
-12
HexPrefab(Clone)
-13.5
hex
-13.5
diceChip
-13.81
number
-13.5
HexPrefab(Clone)
-15
hex
-15
diceChip
-15.31
number
-15
HexPrefab(Clone)
-3
hex
-3
diceChip
-3.31
number
-3
HexPrefab(Clone)
-4.5
hex
-4.5
diceChip
-4.81
number
-4.5
HexPrefab(Clone)
-6
hex
-6
diceChip
-6.31
number
-6
HexPrefab(Clone)
-7.5
hex
-7.5
diceChip
-7.81
number
-7.5
HexPrefab(Clone)
-9
hex
-9
diceChip
-9.31
number
-9
HexPrefab(Clone)
-10.5
hex
-10.5
diceChip
-10.81
number
-10.5
HexPrefab(Clone)
-12
hex
-12
diceChip
-12.31
number
-12
HexPrefab(Clone)
-3
hex
-3
diceChip
-3.31
number
-3
HexPrefab(Clone)
-4.5
hex
-4.5
diceChip
-4.81
number
-4.5
HexPrefab(Clone)
-6
hex
-6
diceChip
-6.31
number
-6
HexPrefab(Clone)
-7.5
hex
-7.5
diceChip
-7.81
number
-7.5
HexPrefab(Clone)
-9
hex
-9
diceChip
-9.31
number
-9
HexPrefab(Clone)
-1.5
hex
-1.5
diceChip
-1.81
number
-1.5
HexPrefab(Clone)
-3
hex
-3
diceChip
-3.31
number
-3
HexPrefab(Clone)
-4.5
hex
-4.5
diceChip
-4.81
number
-4.5
HexPrefab(Clone)
-6
hex
-6
diceChip
-6.31
number
-6
HexPrefab(Clone)
-1.5
hex
-1.5
diceChip
-1.81
number
-1.5
HexPrefab(Clone)
-3
hex
-3
diceChip
-3.31
number
-3
Lowest X:0
Lowest Y:-16.81
Highest Y:0
Higest X:27.71281
Plauer datachanged!
Drawing HUD!
player.name: DefaultPlayerName
player.hand.Count(): 1
Plauer datachanged!
Drawing HUD!
player.name: DefaultPlayerName
player.hand.Count(): 2
Plauer datachanged!
Drawing HUD!
player.name: DefaultPlayerName
player.hand.Count(): 3
Plauer datachanged!
Drawing HUD!
player.name: DefaultPlayerName
player.hand.Count(): 4
Plauer datachanged!
Drawing HUD!
player.name: DefaultPlayerName
player.hand.Count(): 5
Plauer datachanged!
Drawing HUD!
player.name: DefaultPlayerName
player.hand.Count(): 6
Plauer datachanged!
Drawing HUD!
player.name: DefaultPlayerName
player.hand.Count(): 7
Plauer datachanged!
Drawing HUD!
player.name: DefaultPlayerName
player.hand.Count(): 8
Plauer datachanged!
Drawing HUD!
player.name: DefaultPlayerName
player.hand.Count(): 9
Plauer datachanged!
Drawing HUD!
player.name: DefaultPlayerName
player.hand.Count(): 10
Plauer datachanged!
Drawing HUD!
player.name: DefaultPlayerName
player.hand.Count(): 11
Plauer datachanged!
Drawing HUD!
player.name: DefaultPlayerName
player.hand.Count(): 12
Plauer datachanged!
Drawing HUD!
player.name: DefaultPlayerName
player.hand.Count(): 13
Plauer datachanged!
Drawing HUD!
player.name: DefaultPlayerName
player.hand.Count(): 14
Plauer datachanged!
Drawing HUD!
player.name: DefaultPlayerName
player.hand.Count(): 15
Plauer datachanged!
Drawing HUD!
player.name: DefaultPlayerName
player.hand.Count(): 16
Plauer datachanged!
Drawing HUD!
player.name: DefaultPlayerName
player.hand.Count(): 17
Plauer datachanged!
Drawing HUD!
player.name: DefaultPlayerName
player.hand.Count(): 18
Plauer datachanged!
Drawing HUD!
player.name: DefaultPlayerName
player.hand.Count(): 19
Plauer datachanged!
Drawing HUD!
player.name: DefaultPlayerName
player.hand.Count(): 20
Plauer datachanged!
Drawing HUD!
player.name: DefaultPlayerName
player.hand.Count(): 21
Plauer datachanged!
Drawing HUD!
player.name: DefaultPlayerName
player.hand.Count(): 22
Plauer datachanged!
Drawing HUD!
player.name: DefaultPlayerName
player.hand.Count(): 23
Plauer datachanged!
Drawing HUD!
player.name: DefaultPlayerName
player.hand.Count(): 24
Plauer datachanged!
Drawing HUD!
player.name: DefaultPlayerName
player.hand.Count(): 25
TH1
Plauer datachanged!
Drawing HUD!
player.name: DefaultPlayerName
player.hand.Count(): 25
TH1
Plauer datachanged!
Drawing HUD!
player.name: DefaultPlayerName
player.hand.Count(): 25
TH1
The referenced script (Unknown) on this Behaviour is missing!
The referenced script on this Behaviour (Game Object 'TradeBasePrefab') is missing!
The referenced script on this Behaviour (Game Object 'TradeBasePrefab') is missing!
Plauer datachanged!
Drawing HUD!
player.name: DefaultPlayerName
player.hand.Count(): 25
one of the highlightedTokens was selected, returning to normal map mode
Plauer datachanged!
Drawing HUD!
player.name: DefaultPlayerName
player.hand.Count(): 25
Plauer datachanged!
Drawing HUD!
player.name: DefaultPlayerName
player.hand.Count(): 25
(CityPosition) q:4, r:6vertex: 0
Token data changed
Token data changed 2
Token entered trade station area, do nothing at this point
You are trying to create a MonoBehaviour using the 'new' keyword.  This is not allowed.  MonoBehaviours can only be added using AddComponent(). Alternatively, your script can inherit from ScriptableObject or no base class at all
The referenced script (Unknown) on this Behaviour is missing!
The referenced script on this Behaviour (Game Object 'TradeBasePrefab') is missing!
The referenced script on this Behaviour (Game Object 'TradeBasePrefab') is missing!
Plauer datachanged!
Drawing HUD!
player.name: DefaultPlayerName
player.hand.Count(): 25
Token data changed
Token data changed 2
Token entered trade station area, do nothing at this point
You are trying to create a MonoBehaviour using the 'new' keyword.  This is not allowed.  MonoBehaviours can only be added using AddComponent(). Alternatively, your script can inherit from ScriptableObject or no base class at all
The referenced script (Unknown) on this Behaviour is missing!
The referenced script on this Behaviour (Game Object 'TradeBasePrefab') is missing!
The referenced script on this Behaviour (Game Object 'TradeBasePrefab') is missing!
Plauer datachanged!
Drawing HUD!
player.name: DefaultPlayerName
player.hand.Count(): 25
Plauer datachanged!
Drawing HUD!
player.name: DefaultPlayerName
player.hand.Count(): 25
You are trying to create a MonoBehaviour using the 'new' keyword.  This is not allowed.  MonoBehaviours can only be added using AddComponent(). Alternatively, your script can inherit from ScriptableObject or no base class at all
Parent of RectTransform is being set with parent property. Consider using the SetParent method instead, with the worldPositionStays argument set to false. This will retain local orientation and scale rather than world orientation and scale, which can prevent common UI scaling issues.
Parent of RectTransform is being set with parent property. Consider using the SetParent method instead, with the worldPositionStays argument set to false. This will retain local orientation and scale rather than world orientation and scale, which can prevent common UI scaling issues.
Parent of RectTransform is being set with parent property. Consider using the SetParent method instead, with the worldPositionStays argument set to false. This will retain local orientation and scale rather than world orientation and scale, which can prevent common UI scaling issues.
Parent of RectTransform is being set with parent property. Consider using the SetParent method instead, with the worldPositionStays argument set to false. This will retain local orientation and scale rather than world orientation and scale, which can prevent common UI scaling issues.
Parent of RectTransform is being set with parent property. Consider using the SetParent method instead, with the worldPositionStays argument set to false. This will retain local orientation and scale rather than world orientation and scale, which can prevent common UI scaling issues.
Token data changed
The referenced script (Unknown) on this Behaviour is missing!
The referenced script on this Behaviour (Game Object 'TradeBasePrefab') is missing!
The referenced script on this Behaviour (Game Object 'TradeBasePrefab') is missing!
mapDataChanged
Token data changed
Token data changed 2
The referenced script (Unknown) on this Behaviour is missing!
The referenced script on this Behaviour (Game Object 'TradeBasePrefab') is missing!
The referenced script on this Behaviour (Game Object 'TradeBasePrefab') is missing!
Plauer datachanged!
Drawing HUD!
player.name: DefaultPlayerName
player.hand.Count(): 25
Token data changed
Token data changed 2
The referenced script (Unknown) on this Behaviour is missing!
The referenced script on this Behaviour (Game Object 'TradeBasePrefab') is missing!
The referenced script on this Behaviour (Game Object 'TradeBasePrefab') is missing!
Plauer datachanged!
Drawing HUD!
player.name: DefaultPlayerName
player.hand.Count(): 25
Plauer datachanged!
Drawing HUD!
player.name: DefaultPlayerName
player.hand.Count(): 25
]]></output>
          </test-case>
        </test-suite>
        <test-suite type="TestFixture" id="1016" name="MultiplayerTests" fullname="Tests.MultiplayerTests" classname="Tests.MultiplayerTests" runstate="Runnable" testcasecount="2" result="Failed" site="Child" start-time="2021-04-18 09:09:47Z" end-time="2021-04-18 09:10:07Z" duration="20.199659" total="2" passed="0" failed="2" inconclusive="0" skipped="0" asserts="0">
          <properties />
          <failure>
            <message><![CDATA[One or more child tests had errors]]></message>
          </failure>
          <test-case id="1017" name="MatchStartsIfRoomIsFull" fullname="Tests.MultiplayerTests.MatchStartsIfRoomIsFull" methodname="MatchStartsIfRoomIsFull" classname="Tests.MultiplayerTests" runstate="Runnable" seed="1109780133" result="Failed" start-time="2021-04-18 09:09:47Z" end-time="2021-04-18 09:09:52Z" duration="5.107078" asserts="0">
            <properties>
              <property name="_JOINTYPE" value="UnityCombinatorial" />
            </properties>
            <failure>
              <message><![CDATA[Unhandled log message: '[Error] JoinRandomRoom failed. Client is on GameServer (must be Master Server for matchmaking) and ready. Wait for callback: OnJoinedLobby or OnConnectedToMaster.'. Use UnityEngine.TestTools.LogAssert.Expect]]></message>
              <stack-trace><![CDATA[Photon.Pun.PhotonNetwork:JoinRandomRoom(Hashtable, Byte, MatchmakingMode, TypedLobby, String, String[]) (at Assets/Photon/PhotonUnityNetworking/Code/PhotonNetwork.cs:1628)
Photon.Pun.PhotonNetwork:JoinRandomRoom() (at Assets/Photon/PhotonUnityNetworking/Code/PhotonNetwork.cs:1562)
com.onebuckgames.UnityStarFarers.Launcher:Connect() (at Assets/Scripts/Launcher.cs:179)
com.onebuckgames.UnityStarFarers.Launcher:StartQuickMM() (at Assets/Scripts/Launcher.cs:197)
com.onebuckgames.UnityStarFarers.Launcher:QuickMatchButtonPressed() (at Assets/Scripts/Launcher.cs:192)
Tests.<MatchStartsIfRoomIsFull>d__2:MoveNext() (at Assets/Tests/PlayMode/MultiplayerTests.cs:38)
UnityEngine.SetupCoroutine:InvokeMoveNext(IEnumerator, IntPtr) (at /Users/builduser/buildslave/unity/build/Runtime/Export/Scripting/Coroutines.cs:17)

]]></stack-trace>
            </failure>
            <output><![CDATA[Logging in
PUN got region list. Going to ping minimum regions, based on this previous result summary: eu;43;asia,au,cae,eu,in,jp,kr,ru,rue,sa,us,usw,za
Region Pinging Result: eu[92.38.154.80:5055]: 38ms
eu: 38 (45, 33, 33, 55, 33)
Previous summary: eu;43;asia,au,cae,eu,in,jp,kr,ru,rue,sa,us,usw,za
PUN is in development mode (development build). As the 'dev region' is not empty (cae) it overrides the found best region. See PhotonServerSettings.
PUN Basics Tutorial/Launcher: OnConnectedToMaster() was called by PUN
PUN Basics Tutorial/Launcher:OnJoinRandomFailed() was called by PUN. No random room available, so we create one.
Calling: PhotonNetwork.CreateRoom
PUN Basics Tutorial/Launcher: OnJoinedRoom() called by PUN. Now this client is in a room.
Is Connected
JoinRandomRoom failed. Client is on GameServer (must be Master Server for matchmaking) and ready. Wait for callback: OnJoinedLobby or OnConnectedToMaster.
]]></output>
          </test-case>
          <test-case id="1018" name="SendingResponseToCorrectPlayer" fullname="Tests.MultiplayerTests.SendingResponseToCorrectPlayer" methodname="SendingResponseToCorrectPlayer" classname="Tests.MultiplayerTests" runstate="Runnable" seed="58039694" result="Failed" start-time="2021-04-18 09:09:52Z" end-time="2021-04-18 09:10:07Z" duration="15.078049" asserts="0">
            <properties>
              <property name="_JOINTYPE" value="UnityCombinatorial" />
            </properties>
            <failure>
              <message><![CDATA[Unhandled log message: '[Error] JoinRandomRoom failed. Client is on GameServer (must be Master Server for matchmaking) and ready. Wait for callback: OnJoinedLobby or OnConnectedToMaster.'. Use UnityEngine.TestTools.LogAssert.Expect]]></message>
              <stack-trace><![CDATA[Photon.Pun.PhotonNetwork:JoinRandomRoom(Hashtable, Byte, MatchmakingMode, TypedLobby, String, String[]) (at Assets/Photon/PhotonUnityNetworking/Code/PhotonNetwork.cs:1628)
Photon.Pun.PhotonNetwork:JoinRandomRoom() (at Assets/Photon/PhotonUnityNetworking/Code/PhotonNetwork.cs:1562)
com.onebuckgames.UnityStarFarers.Launcher:Connect() (at Assets/Scripts/Launcher.cs:179)
com.onebuckgames.UnityStarFarers.Launcher:Start() (at Assets/Scripts/Launcher.cs:143)

]]></stack-trace>
            </failure>
            <output><![CDATA[Is Connected
JoinRandomRoom failed. Client is on GameServer (must be Master Server for matchmaking) and ready. Wait for callback: OnJoinedLobby or OnConnectedToMaster.
Is Connected
JoinRandomRoom failed. Client is on GameServer (must be Master Server for matchmaking) and ready. Wait for callback: OnJoinedLobby or OnConnectedToMaster.
]]></output>
          </test-case>
        </test-suite>
      </test-suite>
    </test-suite>
  </test-suite>
</test-run>